15:01:59.772 [restartedMain] INFO  c.t.ticketingsystem.Application - Starting Application using Java 21.0.1 with PID 5108 (E:\Workspace\Basics\Java\Ticketing System\target\classes started by hsemmak in E:\Workspace\Basics\Java\Ticketing System)
15:01:59.777 [restartedMain] INFO  c.t.ticketingsystem.Application - No active profile set, falling back to 1 default profile: "default"
15:01:59.844 [restartedMain] INFO  o.s.b.d.e.DevToolsPropertyDefaultsPostProcessor - Devtools property defaults active! Set 'spring.devtools.add-properties' to 'false' to disable
15:01:59.844 [restartedMain] INFO  o.s.b.d.e.DevToolsPropertyDefaultsPostProcessor - For additional web related logging consider setting the 'logging.level.web' property to 'DEBUG'
15:02:00.740 [restartedMain] INFO  o.s.d.r.c.RepositoryConfigurationDelegate - Bootstrapping Spring Data JPA repositories in DEFAULT mode.
15:02:00.829 [restartedMain] INFO  o.s.d.r.c.RepositoryConfigurationDelegate - Finished Spring Data repository scanning in 76 ms. Found 1 JPA repository interfaces.
15:02:01.746 [restartedMain] INFO  o.s.b.w.e.tomcat.TomcatWebServer - Tomcat initialized with port(s): 8080 (http)
15:02:01.758 [restartedMain] INFO  o.a.c.http11.Http11NioProtocol - Initializing ProtocolHandler ["http-nio-8080"]
15:02:01.762 [restartedMain] INFO  o.a.c.core.StandardService - Starting service [Tomcat]
15:02:01.762 [restartedMain] INFO  o.a.catalina.core.StandardEngine - Starting Servlet engine: [Apache Tomcat/10.1.13]
15:02:01.826 [restartedMain] INFO  o.a.c.c.C.[.[localhost].[/] - Initializing Spring embedded WebApplicationContext
15:02:01.828 [restartedMain] INFO  o.s.b.w.s.c.ServletWebServerApplicationContext - Root WebApplicationContext: initialization completed in 1981 ms
15:02:02.063 [restartedMain] INFO  o.h.jpa.internal.util.LogHelper - HHH000204: Processing PersistenceUnitInfo [name: default]
15:02:02.165 [restartedMain] INFO  org.hibernate.Version - HHH000412: Hibernate ORM core version 6.2.9.Final
15:02:02.168 [restartedMain] INFO  org.hibernate.cfg.Environment - HHH000406: Using bytecode reflection optimizer
15:02:02.361 [restartedMain] INFO  o.h.b.i.BytecodeProviderInitiator - HHH000021: Bytecode provider name : bytebuddy
15:02:02.530 [restartedMain] INFO  o.s.o.j.p.SpringPersistenceUnitInfo - No LoadTimeWeaver setup: ignoring JPA class transformer
15:02:02.554 [restartedMain] INFO  c.zaxxer.hikari.HikariDataSource - HikariPool-1 - Starting...
15:02:03.183 [restartedMain] INFO  c.zaxxer.hikari.pool.HikariPool - HikariPool-1 - Added connection com.mysql.cj.jdbc.ConnectionImpl@3c8352ea
15:02:03.187 [restartedMain] INFO  c.zaxxer.hikari.HikariDataSource - HikariPool-1 - Start completed.
15:02:03.677 [restartedMain] INFO  o.h.b.i.BytecodeProviderInitiator - HHH000021: Bytecode provider name : bytebuddy
15:02:04.500 [restartedMain] INFO  o.h.e.t.j.p.i.JtaPlatformInitiator - HHH000490: Using JtaPlatform implementation: [org.hibernate.engine.transaction.jta.platform.internal.NoJtaPlatform]
15:02:04.612 [restartedMain] INFO  o.s.o.j.LocalContainerEntityManagerFactoryBean - Initialized JPA EntityManagerFactory for persistence unit 'default'
15:02:05.097 [restartedMain] INFO  o.s.d.j.r.q.QueryEnhancerFactory - Hibernate is in classpath; If applicable, HQL parser will be used.
15:02:05.928 [restartedMain] WARN  o.s.b.a.o.j.JpaBaseConfiguration$JpaWebConfiguration - spring.jpa.open-in-view is enabled by default. Therefore, database queries may be performed during view rendering. Explicitly configure spring.jpa.open-in-view to disable this warning
15:02:06.404 [restartedMain] INFO  o.s.b.d.a.OptionalLiveReloadServer - LiveReload server is running on port 35729
15:02:06.423 [restartedMain] INFO  o.a.c.http11.Http11NioProtocol - Starting ProtocolHandler ["http-nio-8080"]
15:02:06.478 [restartedMain] INFO  o.s.b.w.e.tomcat.TomcatWebServer - Tomcat started on port(s): 8080 (http) with context path ''
15:02:06.495 [restartedMain] INFO  c.t.ticketingsystem.Application - Started Application in 7.191 seconds (process running for 8.506)
15:02:20.063 [File Watcher] INFO  o.s.b.d.a.LocalDevToolsAutoConfiguration$RestartingClassPathChangeChangedEventListener - Restarting due to 1 class path change (0 additions, 0 deletions, 1 modification)
15:02:20.088 [Thread-7]    INFO  o.a.c.http11.Http11NioProtocol - Pausing ProtocolHandler ["http-nio-8080"]
15:02:20.089 [Thread-7]    INFO  o.a.c.core.StandardService - Stopping service [Tomcat]
15:02:20.093 [Thread-7]    INFO  o.a.c.http11.Http11NioProtocol - Stopping ProtocolHandler ["http-nio-8080"]
15:02:20.095 [Thread-7]    INFO  o.a.c.http11.Http11NioProtocol - Destroying ProtocolHandler ["http-nio-8080"]
15:02:20.096 [Thread-7]    INFO  o.s.o.j.LocalContainerEntityManagerFactoryBean - Closing JPA EntityManagerFactory for persistence unit 'default'
15:02:20.101 [Thread-7]    INFO  c.zaxxer.hikari.HikariDataSource - HikariPool-1 - Shutdown initiated...
15:02:20.112 [Thread-7]    INFO  c.zaxxer.hikari.HikariDataSource - HikariPool-1 - Shutdown completed.
15:02:20.188 [restartedMain] INFO  c.t.ticketingsystem.Application - Starting Application using Java 21.0.1 with PID 5108 (E:\Workspace\Basics\Java\Ticketing System\target\classes started by hsemmak in E:\Workspace\Basics\Java\Ticketing System)
15:02:20.188 [restartedMain] INFO  c.t.ticketingsystem.Application - No active profile set, falling back to 1 default profile: "default"
15:02:20.410 [restartedMain] INFO  o.s.d.r.c.RepositoryConfigurationDelegate - Bootstrapping Spring Data JPA repositories in DEFAULT mode.
15:02:20.419 [restartedMain] INFO  o.s.d.r.c.RepositoryConfigurationDelegate - Finished Spring Data repository scanning in 8 ms. Found 1 JPA repository interfaces.
15:02:20.529 [restartedMain] INFO  o.s.b.w.e.tomcat.TomcatWebServer - Tomcat initialized with port(s): 8080 (http)
15:02:20.529 [restartedMain] INFO  o.a.c.http11.Http11NioProtocol - Initializing ProtocolHandler ["http-nio-8080"]
15:02:20.529 [restartedMain] INFO  o.a.c.core.StandardService - Starting service [Tomcat]
15:02:20.530 [restartedMain] INFO  o.a.catalina.core.StandardEngine - Starting Servlet engine: [Apache Tomcat/10.1.13]
15:02:20.551 [restartedMain] INFO  o.a.c.c.C.[.[localhost].[/] - Initializing Spring embedded WebApplicationContext
15:02:20.551 [restartedMain] INFO  o.s.b.w.s.c.ServletWebServerApplicationContext - Root WebApplicationContext: initialization completed in 361 ms
15:02:20.583 [restartedMain] INFO  o.h.jpa.internal.util.LogHelper - HHH000204: Processing PersistenceUnitInfo [name: default]
15:02:20.587 [restartedMain] INFO  o.h.b.i.BytecodeProviderInitiator - HHH000021: Bytecode provider name : bytebuddy
15:02:20.587 [restartedMain] INFO  o.s.o.j.p.SpringPersistenceUnitInfo - No LoadTimeWeaver setup: ignoring JPA class transformer
15:02:20.588 [restartedMain] INFO  c.zaxxer.hikari.HikariDataSource - HikariPool-2 - Starting...
15:02:20.600 [restartedMain] INFO  c.zaxxer.hikari.pool.HikariPool - HikariPool-2 - Added connection com.mysql.cj.jdbc.ConnectionImpl@76c10520
15:02:20.600 [restartedMain] INFO  c.zaxxer.hikari.HikariDataSource - HikariPool-2 - Start completed.
15:02:20.618 [restartedMain] INFO  o.h.b.i.BytecodeProviderInitiator - HHH000021: Bytecode provider name : bytebuddy
15:02:20.699 [restartedMain] INFO  o.h.e.t.j.p.i.JtaPlatformInitiator - HHH000490: Using JtaPlatform implementation: [org.hibernate.engine.transaction.jta.platform.internal.NoJtaPlatform]
15:02:20.743 [restartedMain] INFO  o.s.o.j.LocalContainerEntityManagerFactoryBean - Initialized JPA EntityManagerFactory for persistence unit 'default'
15:02:20.829 [restartedMain] WARN  o.s.b.a.o.j.JpaBaseConfiguration$JpaWebConfiguration - spring.jpa.open-in-view is enabled by default. Therefore, database queries may be performed during view rendering. Explicitly configure spring.jpa.open-in-view to disable this warning
15:02:20.970 [restartedMain] INFO  o.s.b.d.a.OptionalLiveReloadServer - LiveReload server is running on port 35729
15:02:20.977 [restartedMain] INFO  o.a.c.http11.Http11NioProtocol - Starting ProtocolHandler ["http-nio-8080"]
15:02:20.981 [restartedMain] INFO  o.s.b.w.e.tomcat.TomcatWebServer - Tomcat started on port(s): 8080 (http) with context path ''
15:02:20.985 [restartedMain] INFO  c.t.ticketingsystem.Application - Started Application in 0.83 seconds (process running for 22.996)
15:02:20.989 [restartedMain] INFO  o.s.b.d.a.ConditionEvaluationDeltaLoggingListener - Condition evaluation unchanged
15:02:26.091 [http-nio-8080-exec-2] INFO  o.a.c.c.C.[.[localhost].[/] - Initializing Spring DispatcherServlet 'dispatcherServlet'
15:02:26.092 [http-nio-8080-exec-2] INFO  o.s.w.servlet.DispatcherServlet - Initializing Servlet 'dispatcherServlet'
15:02:26.093 [http-nio-8080-exec-2] INFO  o.s.w.servlet.DispatcherServlet - Completed initialization in 1 ms
15:04:39.097 [File Watcher] INFO  o.s.b.d.a.LocalDevToolsAutoConfiguration$RestartingClassPathChangeChangedEventListener - Restarting due to 2 class path changes (1 addition, 0 deletions, 1 modification)
15:04:39.097 [Thread-9]    INFO  o.a.c.http11.Http11NioProtocol - Pausing ProtocolHandler ["http-nio-8080"]
15:04:39.097 [Thread-9]    INFO  o.a.c.core.StandardService - Stopping service [Tomcat]
15:04:39.097 [Thread-9]    INFO  o.a.c.c.C.[.[localhost].[/] - Destroying Spring FrameworkServlet 'dispatcherServlet'
15:04:39.097 [Thread-9]    INFO  o.a.c.http11.Http11NioProtocol - Stopping ProtocolHandler ["http-nio-8080"]
15:04:39.097 [Thread-9]    INFO  o.a.c.http11.Http11NioProtocol - Destroying ProtocolHandler ["http-nio-8080"]
15:04:39.097 [Thread-9]    INFO  o.s.o.j.LocalContainerEntityManagerFactoryBean - Closing JPA EntityManagerFactory for persistence unit 'default'
15:04:39.097 [Thread-9]    INFO  c.zaxxer.hikari.HikariDataSource - HikariPool-2 - Shutdown initiated...
15:04:39.113 [Thread-9]    INFO  c.zaxxer.hikari.HikariDataSource - HikariPool-2 - Shutdown completed.
15:04:39.191 [restartedMain] INFO  c.t.ticketingsystem.Application - Starting Application using Java 21.0.1 with PID 5108 (E:\Workspace\Basics\Java\Ticketing System\target\classes started by hsemmak in E:\Workspace\Basics\Java\Ticketing System)
15:04:39.191 [restartedMain] INFO  c.t.ticketingsystem.Application - No active profile set, falling back to 1 default profile: "default"
15:04:39.348 [restartedMain] INFO  o.s.d.r.c.RepositoryConfigurationDelegate - Bootstrapping Spring Data JPA repositories in DEFAULT mode.
15:04:39.364 [restartedMain] INFO  o.s.d.r.c.RepositoryConfigurationDelegate - Finished Spring Data repository scanning in 13 ms. Found 1 JPA repository interfaces.
15:04:39.474 [restartedMain] INFO  o.s.b.w.e.tomcat.TomcatWebServer - Tomcat initialized with port(s): 8080 (http)
15:04:39.474 [restartedMain] INFO  o.a.c.http11.Http11NioProtocol - Initializing ProtocolHandler ["http-nio-8080"]
15:04:39.474 [restartedMain] INFO  o.a.c.core.StandardService - Starting service [Tomcat]
15:04:39.474 [restartedMain] INFO  o.a.catalina.core.StandardEngine - Starting Servlet engine: [Apache Tomcat/10.1.13]
15:04:39.489 [restartedMain] INFO  o.a.c.c.C.[.[localhost].[/] - Initializing Spring embedded WebApplicationContext
15:04:39.489 [restartedMain] INFO  o.s.b.w.s.c.ServletWebServerApplicationContext - Root WebApplicationContext: initialization completed in 298 ms
15:04:39.521 [restartedMain] INFO  o.h.jpa.internal.util.LogHelper - HHH000204: Processing PersistenceUnitInfo [name: default]
15:04:39.536 [restartedMain] INFO  o.h.b.i.BytecodeProviderInitiator - HHH000021: Bytecode provider name : bytebuddy
15:04:39.536 [restartedMain] INFO  o.s.o.j.p.SpringPersistenceUnitInfo - No LoadTimeWeaver setup: ignoring JPA class transformer
15:04:39.536 [restartedMain] INFO  c.zaxxer.hikari.HikariDataSource - HikariPool-3 - Starting...
15:04:39.552 [restartedMain] INFO  c.zaxxer.hikari.pool.HikariPool - HikariPool-3 - Added connection com.mysql.cj.jdbc.ConnectionImpl@45016744
15:04:39.552 [restartedMain] INFO  c.zaxxer.hikari.HikariDataSource - HikariPool-3 - Start completed.
15:04:39.552 [restartedMain] INFO  o.h.b.i.BytecodeProviderInitiator - HHH000021: Bytecode provider name : bytebuddy
15:04:39.615 [restartedMain] INFO  o.h.e.t.j.p.i.JtaPlatformInitiator - HHH000490: Using JtaPlatform implementation: [org.hibernate.engine.transaction.jta.platform.internal.NoJtaPlatform]
15:04:39.646 [restartedMain] INFO  o.s.o.j.LocalContainerEntityManagerFactoryBean - Initialized JPA EntityManagerFactory for persistence unit 'default'
15:04:39.725 [restartedMain] WARN  o.s.b.a.o.j.JpaBaseConfiguration$JpaWebConfiguration - spring.jpa.open-in-view is enabled by default. Therefore, database queries may be performed during view rendering. Explicitly configure spring.jpa.open-in-view to disable this warning
15:04:39.787 [restartedMain] INFO  o.s.b.d.a.OptionalLiveReloadServer - LiveReload server is running on port 35729
15:04:39.787 [restartedMain] INFO  o.a.c.http11.Http11NioProtocol - Starting ProtocolHandler ["http-nio-8080"]
15:04:39.787 [restartedMain] INFO  o.s.b.w.e.tomcat.TomcatWebServer - Tomcat started on port(s): 8080 (http) with context path ''
15:04:39.803 [restartedMain] INFO  c.t.ticketingsystem.Application - Started Application in 0.634 seconds (process running for 161.815)
15:04:39.803 [restartedMain] INFO  o.s.b.d.a.ConditionEvaluationDeltaLoggingListener - Condition evaluation unchanged
15:04:57.664 [SpringApplicationShutdownHook] INFO  o.s.o.j.LocalContainerEntityManagerFactoryBean - Closing JPA EntityManagerFactory for persistence unit 'default'
15:04:57.666 [SpringApplicationShutdownHook] INFO  c.zaxxer.hikari.HikariDataSource - HikariPool-3 - Shutdown initiated...
15:04:57.676 [SpringApplicationShutdownHook] INFO  c.zaxxer.hikari.HikariDataSource - HikariPool-3 - Shutdown completed.
16:00:26.188 [restartedMain] INFO  c.t.ticketingsystem.Application - Starting Application using Java 21.0.1 with PID 16800 (E:\Workspace\Basics\Java\Ticketing System\target\classes started by hsemmak in E:\Workspace\Basics\Java\Ticketing System)
16:00:26.191 [restartedMain] INFO  c.t.ticketingsystem.Application - No active profile set, falling back to 1 default profile: "default"
16:00:26.292 [restartedMain] INFO  o.s.b.d.e.DevToolsPropertyDefaultsPostProcessor - Devtools property defaults active! Set 'spring.devtools.add-properties' to 'false' to disable
16:00:26.292 [restartedMain] INFO  o.s.b.d.e.DevToolsPropertyDefaultsPostProcessor - For additional web related logging consider setting the 'logging.level.web' property to 'DEBUG'
16:00:27.623 [restartedMain] INFO  o.s.d.r.c.RepositoryConfigurationDelegate - Bootstrapping Spring Data JPA repositories in DEFAULT mode.
16:00:27.776 [restartedMain] INFO  o.s.d.r.c.RepositoryConfigurationDelegate - Finished Spring Data repository scanning in 136 ms. Found 1 JPA repository interfaces.
16:00:29.477 [restartedMain] INFO  o.s.b.w.e.tomcat.TomcatWebServer - Tomcat initialized with port(s): 8080 (http)
16:00:29.497 [restartedMain] INFO  o.a.c.http11.Http11NioProtocol - Initializing ProtocolHandler ["http-nio-8080"]
16:00:29.501 [restartedMain] INFO  o.a.c.core.StandardService - Starting service [Tomcat]
16:00:29.502 [restartedMain] INFO  o.a.catalina.core.StandardEngine - Starting Servlet engine: [Apache Tomcat/10.1.13]
16:00:29.670 [restartedMain] INFO  o.a.c.c.C.[.[localhost].[/] - Initializing Spring embedded WebApplicationContext
16:00:29.672 [restartedMain] INFO  o.s.b.w.s.c.ServletWebServerApplicationContext - Root WebApplicationContext: initialization completed in 3376 ms
16:00:30.258 [restartedMain] INFO  o.h.jpa.internal.util.LogHelper - HHH000204: Processing PersistenceUnitInfo [name: default]
16:00:30.386 [restartedMain] INFO  org.hibernate.Version - HHH000412: Hibernate ORM core version 6.2.9.Final
16:00:30.389 [restartedMain] INFO  org.hibernate.cfg.Environment - HHH000406: Using bytecode reflection optimizer
16:00:30.681 [restartedMain] INFO  o.h.b.i.BytecodeProviderInitiator - HHH000021: Bytecode provider name : bytebuddy
16:00:31.005 [restartedMain] INFO  o.s.o.j.p.SpringPersistenceUnitInfo - No LoadTimeWeaver setup: ignoring JPA class transformer
16:00:31.038 [restartedMain] INFO  c.zaxxer.hikari.HikariDataSource - HikariPool-1 - Starting...
16:00:31.951 [restartedMain] INFO  c.zaxxer.hikari.pool.HikariPool - HikariPool-1 - Added connection com.mysql.cj.jdbc.ConnectionImpl@5acbd071
16:00:31.957 [restartedMain] INFO  c.zaxxer.hikari.HikariDataSource - HikariPool-1 - Start completed.
16:00:32.535 [restartedMain] INFO  o.h.b.i.BytecodeProviderInitiator - HHH000021: Bytecode provider name : bytebuddy
16:00:33.644 [restartedMain] INFO  o.h.e.t.j.p.i.JtaPlatformInitiator - HHH000490: Using JtaPlatform implementation: [org.hibernate.engine.transaction.jta.platform.internal.NoJtaPlatform]
16:00:33.780 [restartedMain] INFO  o.s.o.j.LocalContainerEntityManagerFactoryBean - Initialized JPA EntityManagerFactory for persistence unit 'default'
16:00:34.262 [restartedMain] INFO  o.s.d.j.r.q.QueryEnhancerFactory - Hibernate is in classpath; If applicable, HQL parser will be used.
16:00:35.101 [restartedMain] WARN  o.s.b.a.o.j.JpaBaseConfiguration$JpaWebConfiguration - spring.jpa.open-in-view is enabled by default. Therefore, database queries may be performed during view rendering. Explicitly configure spring.jpa.open-in-view to disable this warning
16:00:35.693 [restartedMain] INFO  o.s.b.d.a.OptionalLiveReloadServer - LiveReload server is running on port 35729
16:00:35.712 [restartedMain] INFO  o.a.c.http11.Http11NioProtocol - Starting ProtocolHandler ["http-nio-8080"]
16:00:35.756 [restartedMain] INFO  o.s.b.w.e.tomcat.TomcatWebServer - Tomcat started on port(s): 8080 (http) with context path ''
16:00:35.778 [restartedMain] INFO  c.t.ticketingsystem.Application - Started Application in 10.239 seconds (process running for 11.509)
16:03:39.574 [http-nio-8080-exec-5] INFO  o.a.c.c.C.[.[localhost].[/] - Initializing Spring DispatcherServlet 'dispatcherServlet'
16:03:39.574 [http-nio-8080-exec-5] INFO  o.s.w.servlet.DispatcherServlet - Initializing Servlet 'dispatcherServlet'
16:03:39.575 [http-nio-8080-exec-5] INFO  o.s.w.servlet.DispatcherServlet - Completed initialization in 1 ms
16:30:41.186 [SpringApplicationShutdownHook] INFO  o.s.o.j.LocalContainerEntityManagerFactoryBean - Closing JPA EntityManagerFactory for persistence unit 'default'
16:30:41.189 [SpringApplicationShutdownHook] INFO  c.zaxxer.hikari.HikariDataSource - HikariPool-1 - Shutdown initiated...
16:30:41.206 [SpringApplicationShutdownHook] INFO  c.zaxxer.hikari.HikariDataSource - HikariPool-1 - Shutdown completed.
16:41:54.892 [restartedMain] INFO  c.t.ticketingsystem.Application - Starting Application using Java 21.0.1 with PID 12128 (E:\Workspace\Basics\Java\Ticketing System\target\classes started by hsemmak in E:\Workspace\Basics\Java\Ticketing System)
16:41:54.896 [restartedMain] INFO  c.t.ticketingsystem.Application - No active profile set, falling back to 1 default profile: "default"
16:41:55.042 [restartedMain] INFO  o.s.b.d.e.DevToolsPropertyDefaultsPostProcessor - Devtools property defaults active! Set 'spring.devtools.add-properties' to 'false' to disable
16:41:55.044 [restartedMain] INFO  o.s.b.d.e.DevToolsPropertyDefaultsPostProcessor - For additional web related logging consider setting the 'logging.level.web' property to 'DEBUG'
16:41:56.575 [restartedMain] INFO  o.s.d.r.c.RepositoryConfigurationDelegate - Bootstrapping Spring Data JPA repositories in DEFAULT mode.
16:41:56.686 [restartedMain] INFO  o.s.d.r.c.RepositoryConfigurationDelegate - Finished Spring Data repository scanning in 91 ms. Found 1 JPA repository interfaces.
16:41:58.387 [restartedMain] INFO  o.s.b.w.e.tomcat.TomcatWebServer - Tomcat initialized with port(s): 8080 (http)
16:41:58.406 [restartedMain] INFO  o.a.c.http11.Http11NioProtocol - Initializing ProtocolHandler ["http-nio-8080"]
16:41:58.412 [restartedMain] INFO  o.a.c.core.StandardService - Starting service [Tomcat]
16:41:58.412 [restartedMain] INFO  o.a.catalina.core.StandardEngine - Starting Servlet engine: [Apache Tomcat/10.1.13]
16:41:58.553 [restartedMain] INFO  o.a.c.c.C.[.[localhost].[/] - Initializing Spring embedded WebApplicationContext
16:41:58.555 [restartedMain] INFO  o.s.b.w.s.c.ServletWebServerApplicationContext - Root WebApplicationContext: initialization completed in 3508 ms
16:41:59.024 [restartedMain] INFO  o.h.jpa.internal.util.LogHelper - HHH000204: Processing PersistenceUnitInfo [name: default]
16:41:59.377 [restartedMain] INFO  org.hibernate.Version - HHH000412: Hibernate ORM core version 6.2.9.Final
16:41:59.382 [restartedMain] INFO  org.hibernate.cfg.Environment - HHH000406: Using bytecode reflection optimizer
16:41:59.872 [restartedMain] INFO  o.h.b.i.BytecodeProviderInitiator - HHH000021: Bytecode provider name : bytebuddy
16:42:00.186 [restartedMain] INFO  o.s.o.j.p.SpringPersistenceUnitInfo - No LoadTimeWeaver setup: ignoring JPA class transformer
16:42:00.215 [restartedMain] INFO  c.zaxxer.hikari.HikariDataSource - HikariPool-1 - Starting...
16:42:01.022 [restartedMain] INFO  c.zaxxer.hikari.pool.HikariPool - HikariPool-1 - Added connection com.mysql.cj.jdbc.ConnectionImpl@4bc79ce
16:42:01.028 [restartedMain] INFO  c.zaxxer.hikari.HikariDataSource - HikariPool-1 - Start completed.
16:42:01.672 [restartedMain] INFO  o.h.b.i.BytecodeProviderInitiator - HHH000021: Bytecode provider name : bytebuddy
16:42:02.783 [restartedMain] INFO  o.h.e.t.j.p.i.JtaPlatformInitiator - HHH000490: Using JtaPlatform implementation: [org.hibernate.engine.transaction.jta.platform.internal.NoJtaPlatform]
16:42:02.905 [restartedMain] INFO  o.s.o.j.LocalContainerEntityManagerFactoryBean - Initialized JPA EntityManagerFactory for persistence unit 'default'
16:42:03.605 [restartedMain] INFO  o.s.d.j.r.q.QueryEnhancerFactory - Hibernate is in classpath; If applicable, HQL parser will be used.
16:42:04.741 [restartedMain] WARN  o.s.b.a.o.j.JpaBaseConfiguration$JpaWebConfiguration - spring.jpa.open-in-view is enabled by default. Therefore, database queries may be performed during view rendering. Explicitly configure spring.jpa.open-in-view to disable this warning
16:42:05.343 [restartedMain] INFO  o.s.b.d.a.OptionalLiveReloadServer - LiveReload server is running on port 35729
16:42:05.362 [restartedMain] INFO  o.a.c.http11.Http11NioProtocol - Starting ProtocolHandler ["http-nio-8080"]
16:42:05.402 [restartedMain] INFO  o.s.b.w.e.tomcat.TomcatWebServer - Tomcat started on port(s): 8080 (http) with context path ''
16:42:05.417 [restartedMain] INFO  c.t.ticketingsystem.Application - Started Application in 11.248 seconds (process running for 12.79)
16:42:12.147 [SpringApplicationShutdownHook] INFO  o.s.o.j.LocalContainerEntityManagerFactoryBean - Closing JPA EntityManagerFactory for persistence unit 'default'
16:42:12.155 [SpringApplicationShutdownHook] INFO  c.zaxxer.hikari.HikariDataSource - HikariPool-1 - Shutdown initiated...
16:42:12.174 [SpringApplicationShutdownHook] INFO  c.zaxxer.hikari.HikariDataSource - HikariPool-1 - Shutdown completed.
17:00:34.274 [restartedMain] INFO  c.t.ticketingsystem.Application - Starting Application using Java 21.0.1 with PID 19524 (E:\Workspace\Basics\Java\Ticketing System\target\classes started by hsemmak in E:\Workspace\Basics\Java\Ticketing System)
17:00:34.280 [restartedMain] INFO  c.t.ticketingsystem.Application - No active profile set, falling back to 1 default profile: "default"
17:00:34.416 [restartedMain] INFO  o.s.b.d.e.DevToolsPropertyDefaultsPostProcessor - Devtools property defaults active! Set 'spring.devtools.add-properties' to 'false' to disable
17:00:34.417 [restartedMain] INFO  o.s.b.d.e.DevToolsPropertyDefaultsPostProcessor - For additional web related logging consider setting the 'logging.level.web' property to 'DEBUG'
17:00:36.017 [restartedMain] INFO  o.s.d.r.c.RepositoryConfigurationDelegate - Bootstrapping Spring Data JPA repositories in DEFAULT mode.
17:00:36.143 [restartedMain] INFO  o.s.d.r.c.RepositoryConfigurationDelegate - Finished Spring Data repository scanning in 102 ms. Found 1 JPA repository interfaces.
17:00:37.606 [restartedMain] INFO  o.s.b.w.e.tomcat.TomcatWebServer - Tomcat initialized with port(s): 8080 (http)
17:00:37.627 [restartedMain] INFO  o.a.c.http11.Http11NioProtocol - Initializing ProtocolHandler ["http-nio-8080"]
17:00:37.633 [restartedMain] INFO  o.a.c.core.StandardService - Starting service [Tomcat]
17:00:37.634 [restartedMain] INFO  o.a.catalina.core.StandardEngine - Starting Servlet engine: [Apache Tomcat/10.1.13]
17:00:37.778 [restartedMain] INFO  o.a.c.c.C.[.[localhost].[/] - Initializing Spring embedded WebApplicationContext
17:00:37.781 [restartedMain] INFO  o.s.b.w.s.c.ServletWebServerApplicationContext - Root WebApplicationContext: initialization completed in 3360 ms
17:00:38.196 [restartedMain] INFO  o.h.jpa.internal.util.LogHelper - HHH000204: Processing PersistenceUnitInfo [name: default]
17:00:38.348 [restartedMain] INFO  org.hibernate.Version - HHH000412: Hibernate ORM core version 6.2.9.Final
17:00:38.352 [restartedMain] INFO  org.hibernate.cfg.Environment - HHH000406: Using bytecode reflection optimizer
17:00:38.639 [restartedMain] INFO  o.h.b.i.BytecodeProviderInitiator - HHH000021: Bytecode provider name : bytebuddy
17:00:38.983 [restartedMain] INFO  o.s.o.j.p.SpringPersistenceUnitInfo - No LoadTimeWeaver setup: ignoring JPA class transformer
17:00:39.009 [restartedMain] INFO  c.zaxxer.hikari.HikariDataSource - HikariPool-1 - Starting...
17:00:39.927 [restartedMain] INFO  c.zaxxer.hikari.pool.HikariPool - HikariPool-1 - Added connection com.mysql.cj.jdbc.ConnectionImpl@785e9ff
17:00:39.931 [restartedMain] INFO  c.zaxxer.hikari.HikariDataSource - HikariPool-1 - Start completed.
17:00:40.756 [restartedMain] INFO  o.h.b.i.BytecodeProviderInitiator - HHH000021: Bytecode provider name : bytebuddy
17:00:41.921 [restartedMain] INFO  o.h.e.t.j.p.i.JtaPlatformInitiator - HHH000490: Using JtaPlatform implementation: [org.hibernate.engine.transaction.jta.platform.internal.NoJtaPlatform]
17:00:42.089 [restartedMain] INFO  o.s.o.j.LocalContainerEntityManagerFactoryBean - Initialized JPA EntityManagerFactory for persistence unit 'default'
17:00:42.832 [restartedMain] INFO  o.s.d.j.r.q.QueryEnhancerFactory - Hibernate is in classpath; If applicable, HQL parser will be used.
17:00:43.833 [restartedMain] WARN  o.s.b.a.o.j.JpaBaseConfiguration$JpaWebConfiguration - spring.jpa.open-in-view is enabled by default. Therefore, database queries may be performed during view rendering. Explicitly configure spring.jpa.open-in-view to disable this warning
17:00:44.449 [restartedMain] INFO  o.s.b.d.a.OptionalLiveReloadServer - LiveReload server is running on port 35729
17:00:44.471 [restartedMain] INFO  o.a.c.http11.Http11NioProtocol - Starting ProtocolHandler ["http-nio-8080"]
17:00:44.507 [restartedMain] INFO  o.s.b.w.e.tomcat.TomcatWebServer - Tomcat started on port(s): 8080 (http) with context path ''
17:00:44.540 [restartedMain] INFO  c.t.ticketingsystem.Application - Started Application in 10.981 seconds (process running for 12.544)
17:01:35.538 [http-nio-8080-exec-2] INFO  o.a.c.c.C.[.[localhost].[/] - Initializing Spring DispatcherServlet 'dispatcherServlet'
17:01:35.539 [http-nio-8080-exec-2] INFO  o.s.w.servlet.DispatcherServlet - Initializing Servlet 'dispatcherServlet'
17:01:35.540 [http-nio-8080-exec-2] INFO  o.s.w.servlet.DispatcherServlet - Completed initialization in 1 ms
17:01:50.157 [http-nio-8080-exec-3] WARN  o.s.w.s.m.s.DefaultHandlerExceptionResolver - Resolved [org.springframework.web.HttpRequestMethodNotSupportedException: Request method 'GET' is not supported]
17:02:40.394 [SpringApplicationShutdownHook] INFO  o.s.o.j.LocalContainerEntityManagerFactoryBean - Closing JPA EntityManagerFactory for persistence unit 'default'
17:02:40.399 [SpringApplicationShutdownHook] INFO  c.zaxxer.hikari.HikariDataSource - HikariPool-1 - Shutdown initiated...
17:02:40.423 [SpringApplicationShutdownHook] INFO  c.zaxxer.hikari.HikariDataSource - HikariPool-1 - Shutdown completed.
17:16:50.838 [restartedMain] INFO  c.t.ticketingsystem.Application - Starting Application using Java 21.0.1 with PID 17544 (E:\Workspace\Basics\Java\Ticketing System\target\classes started by hsemmak in E:\Workspace\Basics\Java\Ticketing System)
17:16:50.842 [restartedMain] INFO  c.t.ticketingsystem.Application - No active profile set, falling back to 1 default profile: "default"
17:16:50.974 [restartedMain] INFO  o.s.b.d.e.DevToolsPropertyDefaultsPostProcessor - Devtools property defaults active! Set 'spring.devtools.add-properties' to 'false' to disable
17:16:50.975 [restartedMain] INFO  o.s.b.d.e.DevToolsPropertyDefaultsPostProcessor - For additional web related logging consider setting the 'logging.level.web' property to 'DEBUG'
17:16:52.362 [restartedMain] INFO  o.s.d.r.c.RepositoryConfigurationDelegate - Bootstrapping Spring Data JPA repositories in DEFAULT mode.
17:16:52.498 [restartedMain] INFO  o.s.d.r.c.RepositoryConfigurationDelegate - Finished Spring Data repository scanning in 114 ms. Found 1 JPA repository interfaces.
17:16:54.136 [restartedMain] INFO  o.s.b.w.e.tomcat.TomcatWebServer - Tomcat initialized with port(s): 8080 (http)
17:16:54.167 [restartedMain] INFO  o.a.c.http11.Http11NioProtocol - Initializing ProtocolHandler ["http-nio-8080"]
17:16:54.172 [restartedMain] INFO  o.a.c.core.StandardService - Starting service [Tomcat]
17:16:54.173 [restartedMain] INFO  o.a.catalina.core.StandardEngine - Starting Servlet engine: [Apache Tomcat/10.1.13]
17:16:54.346 [restartedMain] INFO  o.a.c.c.C.[.[localhost].[/] - Initializing Spring embedded WebApplicationContext
17:16:54.349 [restartedMain] INFO  o.s.b.w.s.c.ServletWebServerApplicationContext - Root WebApplicationContext: initialization completed in 3371 ms
17:16:54.914 [restartedMain] INFO  o.h.jpa.internal.util.LogHelper - HHH000204: Processing PersistenceUnitInfo [name: default]
17:16:55.225 [restartedMain] INFO  org.hibernate.Version - HHH000412: Hibernate ORM core version 6.2.9.Final
17:16:55.230 [restartedMain] INFO  org.hibernate.cfg.Environment - HHH000406: Using bytecode reflection optimizer
17:16:55.701 [restartedMain] INFO  o.h.b.i.BytecodeProviderInitiator - HHH000021: Bytecode provider name : bytebuddy
17:16:56.190 [restartedMain] INFO  o.s.o.j.p.SpringPersistenceUnitInfo - No LoadTimeWeaver setup: ignoring JPA class transformer
17:16:56.228 [restartedMain] INFO  c.zaxxer.hikari.HikariDataSource - HikariPool-1 - Starting...
17:16:57.072 [restartedMain] INFO  c.zaxxer.hikari.pool.HikariPool - HikariPool-1 - Added connection com.mysql.cj.jdbc.ConnectionImpl@7722899c
17:16:57.076 [restartedMain] INFO  c.zaxxer.hikari.HikariDataSource - HikariPool-1 - Start completed.
17:16:57.792 [restartedMain] INFO  o.h.b.i.BytecodeProviderInitiator - HHH000021: Bytecode provider name : bytebuddy
17:16:59.023 [restartedMain] INFO  o.h.e.t.j.p.i.JtaPlatformInitiator - HHH000490: Using JtaPlatform implementation: [org.hibernate.engine.transaction.jta.platform.internal.NoJtaPlatform]
17:16:59.181 [restartedMain] INFO  o.s.o.j.LocalContainerEntityManagerFactoryBean - Initialized JPA EntityManagerFactory for persistence unit 'default'
17:16:59.892 [restartedMain] INFO  o.s.d.j.r.q.QueryEnhancerFactory - Hibernate is in classpath; If applicable, HQL parser will be used.
17:17:00.852 [restartedMain] WARN  o.s.b.a.o.j.JpaBaseConfiguration$JpaWebConfiguration - spring.jpa.open-in-view is enabled by default. Therefore, database queries may be performed during view rendering. Explicitly configure spring.jpa.open-in-view to disable this warning
17:17:01.668 [restartedMain] INFO  o.s.b.d.a.OptionalLiveReloadServer - LiveReload server is running on port 35729
17:17:01.699 [restartedMain] INFO  o.a.c.http11.Http11NioProtocol - Starting ProtocolHandler ["http-nio-8080"]
17:17:01.748 [restartedMain] INFO  o.s.b.w.e.tomcat.TomcatWebServer - Tomcat started on port(s): 8080 (http) with context path ''
17:17:01.782 [restartedMain] INFO  c.t.ticketingsystem.Application - Started Application in 11.657 seconds (process running for 13.18)
17:17:04.803 [http-nio-8080-exec-1] INFO  o.a.c.c.C.[.[localhost].[/] - Initializing Spring DispatcherServlet 'dispatcherServlet'
17:17:04.810 [http-nio-8080-exec-1] INFO  o.s.w.servlet.DispatcherServlet - Initializing Servlet 'dispatcherServlet'
17:17:04.810 [http-nio-8080-exec-1] INFO  o.s.w.servlet.DispatcherServlet - Completed initialization in 0 ms
17:17:04.860 [http-nio-8080-exec-1] WARN  o.s.w.s.m.s.DefaultHandlerExceptionResolver - Resolved [org.springframework.web.HttpRequestMethodNotSupportedException: Request method 'POST' is not supported]
17:22:02.930 [SpringApplicationShutdownHook] INFO  o.s.o.j.LocalContainerEntityManagerFactoryBean - Closing JPA EntityManagerFactory for persistence unit 'default'
17:22:02.937 [SpringApplicationShutdownHook] INFO  c.zaxxer.hikari.HikariDataSource - HikariPool-1 - Shutdown initiated...
17:22:02.959 [SpringApplicationShutdownHook] INFO  c.zaxxer.hikari.HikariDataSource - HikariPool-1 - Shutdown completed.
17:29:20.853 [restartedMain] INFO  c.t.ticketingsystem.Application - Starting Application using Java 21.0.1 with PID 17540 (E:\Workspace\Basics\Java\Ticketing System\target\classes started by hsemmak in E:\Workspace\Basics\Java\Ticketing System)
17:29:20.858 [restartedMain] INFO  c.t.ticketingsystem.Application - No active profile set, falling back to 1 default profile: "default"
17:29:21.011 [restartedMain] INFO  o.s.b.d.e.DevToolsPropertyDefaultsPostProcessor - Devtools property defaults active! Set 'spring.devtools.add-properties' to 'false' to disable
17:29:21.012 [restartedMain] INFO  o.s.b.d.e.DevToolsPropertyDefaultsPostProcessor - For additional web related logging consider setting the 'logging.level.web' property to 'DEBUG'
17:29:22.739 [restartedMain] INFO  o.s.d.r.c.RepositoryConfigurationDelegate - Bootstrapping Spring Data JPA repositories in DEFAULT mode.
17:29:22.886 [restartedMain] INFO  o.s.d.r.c.RepositoryConfigurationDelegate - Finished Spring Data repository scanning in 123 ms. Found 1 JPA repository interfaces.
17:29:24.890 [restartedMain] INFO  o.s.b.w.e.tomcat.TomcatWebServer - Tomcat initialized with port(s): 8080 (http)
17:29:24.912 [restartedMain] INFO  o.a.c.http11.Http11NioProtocol - Initializing ProtocolHandler ["http-nio-8080"]
17:29:24.919 [restartedMain] INFO  o.a.c.core.StandardService - Starting service [Tomcat]
17:29:24.919 [restartedMain] INFO  o.a.catalina.core.StandardEngine - Starting Servlet engine: [Apache Tomcat/10.1.13]
17:29:25.286 [restartedMain] INFO  o.a.c.c.C.[.[localhost].[/] - Initializing Spring embedded WebApplicationContext
17:29:25.289 [restartedMain] INFO  o.s.b.w.s.c.ServletWebServerApplicationContext - Root WebApplicationContext: initialization completed in 4272 ms
17:29:25.750 [restartedMain] INFO  o.h.jpa.internal.util.LogHelper - HHH000204: Processing PersistenceUnitInfo [name: default]
17:29:26.008 [restartedMain] INFO  org.hibernate.Version - HHH000412: Hibernate ORM core version 6.2.9.Final
17:29:26.016 [restartedMain] INFO  org.hibernate.cfg.Environment - HHH000406: Using bytecode reflection optimizer
17:29:26.353 [restartedMain] INFO  o.h.b.i.BytecodeProviderInitiator - HHH000021: Bytecode provider name : bytebuddy
17:29:26.706 [restartedMain] INFO  o.s.o.j.p.SpringPersistenceUnitInfo - No LoadTimeWeaver setup: ignoring JPA class transformer
17:29:26.755 [restartedMain] INFO  c.zaxxer.hikari.HikariDataSource - HikariPool-1 - Starting...
17:29:27.687 [restartedMain] INFO  c.zaxxer.hikari.pool.HikariPool - HikariPool-1 - Added connection com.mysql.cj.jdbc.ConnectionImpl@2822b8b7
17:29:27.691 [restartedMain] INFO  c.zaxxer.hikari.HikariDataSource - HikariPool-1 - Start completed.
17:29:28.585 [restartedMain] INFO  o.h.b.i.BytecodeProviderInitiator - HHH000021: Bytecode provider name : bytebuddy
17:29:30.550 [restartedMain] INFO  o.h.e.t.j.p.i.JtaPlatformInitiator - HHH000490: Using JtaPlatform implementation: [org.hibernate.engine.transaction.jta.platform.internal.NoJtaPlatform]
17:29:30.788 [restartedMain] INFO  o.s.o.j.LocalContainerEntityManagerFactoryBean - Initialized JPA EntityManagerFactory for persistence unit 'default'
17:29:31.670 [restartedMain] INFO  o.s.d.j.r.q.QueryEnhancerFactory - Hibernate is in classpath; If applicable, HQL parser will be used.
17:29:33.269 [restartedMain] WARN  o.s.b.a.o.j.JpaBaseConfiguration$JpaWebConfiguration - spring.jpa.open-in-view is enabled by default. Therefore, database queries may be performed during view rendering. Explicitly configure spring.jpa.open-in-view to disable this warning
17:29:34.407 [restartedMain] INFO  o.s.b.d.a.OptionalLiveReloadServer - LiveReload server is running on port 35729
17:29:34.437 [restartedMain] INFO  o.a.c.http11.Http11NioProtocol - Starting ProtocolHandler ["http-nio-8080"]
17:29:34.495 [restartedMain] INFO  o.s.b.w.e.tomcat.TomcatWebServer - Tomcat started on port(s): 8080 (http) with context path ''
17:29:34.529 [restartedMain] INFO  c.t.ticketingsystem.Application - Started Application in 14.618 seconds (process running for 17.704)
17:29:36.494 [http-nio-8080-exec-1] INFO  o.a.c.c.C.[.[localhost].[/] - Initializing Spring DispatcherServlet 'dispatcherServlet'
17:29:36.495 [http-nio-8080-exec-1] INFO  o.s.w.servlet.DispatcherServlet - Initializing Servlet 'dispatcherServlet'
17:29:36.498 [http-nio-8080-exec-1] INFO  o.s.w.servlet.DispatcherServlet - Completed initialization in 3 ms
17:31:58.176 [SpringApplicationShutdownHook] INFO  o.s.o.j.LocalContainerEntityManagerFactoryBean - Closing JPA EntityManagerFactory for persistence unit 'default'
17:31:58.189 [SpringApplicationShutdownHook] INFO  c.zaxxer.hikari.HikariDataSource - HikariPool-1 - Shutdown initiated...
17:31:58.220 [SpringApplicationShutdownHook] INFO  c.zaxxer.hikari.HikariDataSource - HikariPool-1 - Shutdown completed.
20:19:15.750 [restartedMain] INFO  c.t.ticketingsystem.Application - Starting Application using Java 21.0.1 with PID 15952 (E:\Workspace\Basics\Java\Ticketing System\target\classes started by hsemmak in E:\Workspace\Basics\Java\Ticketing System)
20:19:15.754 [restartedMain] INFO  c.t.ticketingsystem.Application - No active profile set, falling back to 1 default profile: "default"
20:19:15.900 [restartedMain] INFO  o.s.b.d.e.DevToolsPropertyDefaultsPostProcessor - Devtools property defaults active! Set 'spring.devtools.add-properties' to 'false' to disable
20:19:15.900 [restartedMain] INFO  o.s.b.d.e.DevToolsPropertyDefaultsPostProcessor - For additional web related logging consider setting the 'logging.level.web' property to 'DEBUG'
20:19:17.504 [restartedMain] INFO  o.s.d.r.c.RepositoryConfigurationDelegate - Bootstrapping Spring Data JPA repositories in DEFAULT mode.
20:19:17.654 [restartedMain] INFO  o.s.d.r.c.RepositoryConfigurationDelegate - Finished Spring Data repository scanning in 132 ms. Found 2 JPA repository interfaces.
20:19:19.208 [restartedMain] INFO  o.s.b.w.e.tomcat.TomcatWebServer - Tomcat initialized with port(s): 8080 (http)
20:19:19.233 [restartedMain] INFO  o.a.c.http11.Http11NioProtocol - Initializing ProtocolHandler ["http-nio-8080"]
20:19:19.241 [restartedMain] INFO  o.a.c.core.StandardService - Starting service [Tomcat]
20:19:19.242 [restartedMain] INFO  o.a.catalina.core.StandardEngine - Starting Servlet engine: [Apache Tomcat/10.1.13]
20:19:19.391 [restartedMain] INFO  o.a.c.c.C.[.[localhost].[/] - Initializing Spring embedded WebApplicationContext
20:19:19.394 [restartedMain] INFO  o.s.b.w.s.c.ServletWebServerApplicationContext - Root WebApplicationContext: initialization completed in 3490 ms
20:19:19.795 [restartedMain] INFO  o.h.jpa.internal.util.LogHelper - HHH000204: Processing PersistenceUnitInfo [name: default]
20:19:19.953 [restartedMain] INFO  org.hibernate.Version - HHH000412: Hibernate ORM core version 6.2.9.Final
20:19:19.957 [restartedMain] INFO  org.hibernate.cfg.Environment - HHH000406: Using bytecode reflection optimizer
20:19:20.262 [restartedMain] INFO  o.h.b.i.BytecodeProviderInitiator - HHH000021: Bytecode provider name : bytebuddy
20:19:20.531 [restartedMain] INFO  o.s.o.j.p.SpringPersistenceUnitInfo - No LoadTimeWeaver setup: ignoring JPA class transformer
20:19:20.562 [restartedMain] INFO  c.zaxxer.hikari.HikariDataSource - HikariPool-1 - Starting...
20:19:21.346 [restartedMain] INFO  c.zaxxer.hikari.pool.HikariPool - HikariPool-1 - Added connection com.mysql.cj.jdbc.ConnectionImpl@78285c77
20:19:21.350 [restartedMain] INFO  c.zaxxer.hikari.HikariDataSource - HikariPool-1 - Start completed.
20:19:22.100 [restartedMain] INFO  o.h.b.i.BytecodeProviderInitiator - HHH000021: Bytecode provider name : bytebuddy
20:19:23.220 [restartedMain] INFO  o.h.e.t.j.p.i.JtaPlatformInitiator - HHH000490: Using JtaPlatform implementation: [org.hibernate.engine.transaction.jta.platform.internal.NoJtaPlatform]
20:19:23.369 [restartedMain] INFO  o.s.o.j.LocalContainerEntityManagerFactoryBean - Initialized JPA EntityManagerFactory for persistence unit 'default'
20:19:24.037 [restartedMain] INFO  o.s.d.j.r.q.QueryEnhancerFactory - Hibernate is in classpath; If applicable, HQL parser will be used.
20:19:25.195 [restartedMain] WARN  o.s.b.a.o.j.JpaBaseConfiguration$JpaWebConfiguration - spring.jpa.open-in-view is enabled by default. Therefore, database queries may be performed during view rendering. Explicitly configure spring.jpa.open-in-view to disable this warning
20:19:25.884 [restartedMain] INFO  o.s.b.d.a.OptionalLiveReloadServer - LiveReload server is running on port 35729
20:19:25.906 [restartedMain] INFO  o.a.c.http11.Http11NioProtocol - Starting ProtocolHandler ["http-nio-8080"]
20:19:25.956 [restartedMain] INFO  o.s.b.w.e.tomcat.TomcatWebServer - Tomcat started on port(s): 8080 (http) with context path ''
20:19:25.976 [restartedMain] INFO  c.t.ticketingsystem.Application - Started Application in 10.957 seconds (process running for 12.54)
20:19:38.017 [http-nio-8080-exec-2] INFO  o.a.c.c.C.[.[localhost].[/] - Initializing Spring DispatcherServlet 'dispatcherServlet'
20:19:38.017 [http-nio-8080-exec-2] INFO  o.s.w.servlet.DispatcherServlet - Initializing Servlet 'dispatcherServlet'
20:19:38.017 [http-nio-8080-exec-2] INFO  o.s.w.servlet.DispatcherServlet - Completed initialization in 0 ms
20:19:38.221 [http-nio-8080-exec-2] WARN  o.s.w.s.m.s.DefaultHandlerExceptionResolver - Resolved [org.springframework.http.converter.HttpMessageNotReadableException: Required request body is missing: public java.lang.String com.ticketingsystem.ticketingsystem.controller.TicketController.createTicket(com.ticketingsystem.ticketingsystem.entity.Ticket)]
20:19:43.829 [http-nio-8080-exec-4] WARN  o.s.w.s.m.s.DefaultHandlerExceptionResolver - Resolved [org.springframework.web.HttpRequestMethodNotSupportedException: Request method 'POST' is not supported]
20:22:36.977 [http-nio-8080-exec-7] WARN  o.s.w.s.m.s.DefaultHandlerExceptionResolver - Resolved [org.springframework.web.HttpRequestMethodNotSupportedException: Request method 'POST' is not supported]
20:23:00.624 [File Watcher] INFO  o.s.b.d.a.LocalDevToolsAutoConfiguration$RestartingClassPathChangeChangedEventListener - Restarting due to 1 class path change (0 additions, 1 deletion, 0 modifications)
20:23:00.641 [Thread-7]    INFO  o.a.c.http11.Http11NioProtocol - Pausing ProtocolHandler ["http-nio-8080"]
20:23:00.641 [Thread-7]    INFO  o.a.c.core.StandardService - Stopping service [Tomcat]
20:23:00.644 [Thread-7]    INFO  o.a.c.c.C.[.[localhost].[/] - Destroying Spring FrameworkServlet 'dispatcherServlet'
20:23:00.650 [Thread-7]    INFO  o.a.c.http11.Http11NioProtocol - Stopping ProtocolHandler ["http-nio-8080"]
20:23:00.654 [Thread-7]    INFO  o.a.c.http11.Http11NioProtocol - Destroying ProtocolHandler ["http-nio-8080"]
20:23:00.658 [Thread-7]    INFO  o.s.o.j.LocalContainerEntityManagerFactoryBean - Closing JPA EntityManagerFactory for persistence unit 'default'
20:23:00.664 [Thread-7]    INFO  c.zaxxer.hikari.HikariDataSource - HikariPool-1 - Shutdown initiated...
20:23:00.687 [Thread-7]    INFO  c.zaxxer.hikari.HikariDataSource - HikariPool-1 - Shutdown completed.
20:23:00.860 [restartedMain] INFO  c.t.ticketingsystem.Application - Starting Application using Java 21.0.1 with PID 15952 (E:\Workspace\Basics\Java\Ticketing System\target\classes started by hsemmak in E:\Workspace\Basics\Java\Ticketing System)
20:23:00.861 [restartedMain] INFO  c.t.ticketingsystem.Application - No active profile set, falling back to 1 default profile: "default"
20:23:01.288 [restartedMain] INFO  o.s.d.r.c.RepositoryConfigurationDelegate - Bootstrapping Spring Data JPA repositories in DEFAULT mode.
20:23:01.317 [restartedMain] INFO  o.s.d.r.c.RepositoryConfigurationDelegate - Finished Spring Data repository scanning in 28 ms. Found 2 JPA repository interfaces.
20:23:01.548 [restartedMain] INFO  o.s.b.w.e.tomcat.TomcatWebServer - Tomcat initialized with port(s): 8080 (http)
20:23:01.550 [restartedMain] INFO  o.a.c.http11.Http11NioProtocol - Initializing ProtocolHandler ["http-nio-8080"]
20:23:01.551 [restartedMain] INFO  o.a.c.core.StandardService - Starting service [Tomcat]
20:23:01.551 [restartedMain] INFO  o.a.catalina.core.StandardEngine - Starting Servlet engine: [Apache Tomcat/10.1.13]
20:23:01.607 [restartedMain] INFO  o.a.c.c.C.[.[localhost].[/] - Initializing Spring embedded WebApplicationContext
20:23:01.608 [restartedMain] INFO  o.s.b.w.s.c.ServletWebServerApplicationContext - Root WebApplicationContext: initialization completed in 740 ms
20:23:01.696 [restartedMain] INFO  o.h.jpa.internal.util.LogHelper - HHH000204: Processing PersistenceUnitInfo [name: default]
20:23:01.708 [restartedMain] INFO  o.h.b.i.BytecodeProviderInitiator - HHH000021: Bytecode provider name : bytebuddy
20:23:01.708 [restartedMain] INFO  o.s.o.j.p.SpringPersistenceUnitInfo - No LoadTimeWeaver setup: ignoring JPA class transformer
20:23:01.711 [restartedMain] INFO  c.zaxxer.hikari.HikariDataSource - HikariPool-2 - Starting...
20:23:01.740 [restartedMain] INFO  c.zaxxer.hikari.pool.HikariPool - HikariPool-2 - Added connection com.mysql.cj.jdbc.ConnectionImpl@6dff09c
20:23:01.741 [restartedMain] INFO  c.zaxxer.hikari.HikariDataSource - HikariPool-2 - Start completed.
20:23:01.775 [restartedMain] INFO  o.h.b.i.BytecodeProviderInitiator - HHH000021: Bytecode provider name : bytebuddy
20:23:01.922 [restartedMain] INFO  o.h.e.t.j.p.i.JtaPlatformInitiator - HHH000490: Using JtaPlatform implementation: [org.hibernate.engine.transaction.jta.platform.internal.NoJtaPlatform]
20:23:02.006 [restartedMain] INFO  o.s.o.j.LocalContainerEntityManagerFactoryBean - Initialized JPA EntityManagerFactory for persistence unit 'default'
20:23:02.235 [restartedMain] WARN  o.s.b.a.o.j.JpaBaseConfiguration$JpaWebConfiguration - spring.jpa.open-in-view is enabled by default. Therefore, database queries may be performed during view rendering. Explicitly configure spring.jpa.open-in-view to disable this warning
20:23:02.431 [restartedMain] INFO  o.s.b.d.a.OptionalLiveReloadServer - LiveReload server is running on port 35729
20:23:02.441 [restartedMain] INFO  o.a.c.http11.Http11NioProtocol - Starting ProtocolHandler ["http-nio-8080"]
20:23:02.449 [restartedMain] INFO  o.s.b.w.e.tomcat.TomcatWebServer - Tomcat started on port(s): 8080 (http) with context path ''
20:23:02.457 [restartedMain] INFO  c.t.ticketingsystem.Application - Started Application in 1.675 seconds (process running for 229.021)
20:23:02.569 [restartedMain] INFO  o.s.b.d.a.ConditionEvaluationDeltaLoggingListener - Condition evaluation unchanged
20:23:03.865 [File Watcher] INFO  o.s.b.d.a.LocalDevToolsAutoConfiguration$RestartingClassPathChangeChangedEventListener - Restarting due to 1 class path change (1 addition, 0 deletions, 0 modifications)
20:23:03.929 [Thread-9]    INFO  o.a.c.http11.Http11NioProtocol - Pausing ProtocolHandler ["http-nio-8080"]
20:23:03.929 [Thread-9]    INFO  o.a.c.core.StandardService - Stopping service [Tomcat]
20:23:03.931 [Thread-9]    INFO  o.a.c.http11.Http11NioProtocol - Stopping ProtocolHandler ["http-nio-8080"]
20:23:03.932 [Thread-9]    INFO  o.a.c.http11.Http11NioProtocol - Destroying ProtocolHandler ["http-nio-8080"]
20:23:03.935 [Thread-9]    INFO  o.s.o.j.LocalContainerEntityManagerFactoryBean - Closing JPA EntityManagerFactory for persistence unit 'default'
20:23:03.936 [Thread-9]    INFO  c.zaxxer.hikari.HikariDataSource - HikariPool-2 - Shutdown initiated...
20:23:03.953 [Thread-9]    INFO  c.zaxxer.hikari.HikariDataSource - HikariPool-2 - Shutdown completed.
20:23:04.095 [restartedMain] INFO  c.t.ticketingsystem.Application - Starting Application using Java 21.0.1 with PID 15952 (E:\Workspace\Basics\Java\Ticketing System\target\classes started by hsemmak in E:\Workspace\Basics\Java\Ticketing System)
20:23:04.096 [restartedMain] INFO  c.t.ticketingsystem.Application - No active profile set, falling back to 1 default profile: "default"
20:23:04.461 [restartedMain] INFO  o.s.d.r.c.RepositoryConfigurationDelegate - Bootstrapping Spring Data JPA repositories in DEFAULT mode.
20:23:04.490 [restartedMain] INFO  o.s.d.r.c.RepositoryConfigurationDelegate - Finished Spring Data repository scanning in 28 ms. Found 2 JPA repository interfaces.
20:23:04.773 [restartedMain] INFO  o.s.b.w.e.tomcat.TomcatWebServer - Tomcat initialized with port(s): 8080 (http)
20:23:04.774 [restartedMain] INFO  o.a.c.http11.Http11NioProtocol - Initializing ProtocolHandler ["http-nio-8080"]
20:23:04.775 [restartedMain] INFO  o.a.c.core.StandardService - Starting service [Tomcat]
20:23:04.775 [restartedMain] INFO  o.a.catalina.core.StandardEngine - Starting Servlet engine: [Apache Tomcat/10.1.13]
20:23:04.826 [restartedMain] INFO  o.a.c.c.C.[.[localhost].[/] - Initializing Spring embedded WebApplicationContext
20:23:04.827 [restartedMain] INFO  o.s.b.w.s.c.ServletWebServerApplicationContext - Root WebApplicationContext: initialization completed in 725 ms
20:23:04.899 [restartedMain] INFO  o.h.jpa.internal.util.LogHelper - HHH000204: Processing PersistenceUnitInfo [name: default]
20:23:04.907 [restartedMain] INFO  o.h.b.i.BytecodeProviderInitiator - HHH000021: Bytecode provider name : bytebuddy
20:23:04.907 [restartedMain] INFO  o.s.o.j.p.SpringPersistenceUnitInfo - No LoadTimeWeaver setup: ignoring JPA class transformer
20:23:04.909 [restartedMain] INFO  c.zaxxer.hikari.HikariDataSource - HikariPool-3 - Starting...
20:23:04.931 [restartedMain] INFO  c.zaxxer.hikari.pool.HikariPool - HikariPool-3 - Added connection com.mysql.cj.jdbc.ConnectionImpl@63e44de1
20:23:04.931 [restartedMain] INFO  c.zaxxer.hikari.HikariDataSource - HikariPool-3 - Start completed.
20:23:04.962 [restartedMain] INFO  o.h.b.i.BytecodeProviderInitiator - HHH000021: Bytecode provider name : bytebuddy
20:23:05.082 [restartedMain] INFO  o.h.e.t.j.p.i.JtaPlatformInitiator - HHH000490: Using JtaPlatform implementation: [org.hibernate.engine.transaction.jta.platform.internal.NoJtaPlatform]
20:23:05.154 [restartedMain] INFO  o.s.o.j.LocalContainerEntityManagerFactoryBean - Initialized JPA EntityManagerFactory for persistence unit 'default'
20:23:05.358 [restartedMain] WARN  o.s.b.a.o.j.JpaBaseConfiguration$JpaWebConfiguration - spring.jpa.open-in-view is enabled by default. Therefore, database queries may be performed during view rendering. Explicitly configure spring.jpa.open-in-view to disable this warning
20:23:05.501 [restartedMain] INFO  o.s.b.d.a.OptionalLiveReloadServer - LiveReload server is running on port 35729
20:23:05.508 [restartedMain] INFO  o.a.c.http11.Http11NioProtocol - Starting ProtocolHandler ["http-nio-8080"]
20:23:05.527 [restartedMain] INFO  o.s.b.w.e.tomcat.TomcatWebServer - Tomcat started on port(s): 8080 (http) with context path ''
20:23:05.533 [restartedMain] INFO  c.t.ticketingsystem.Application - Started Application in 1.497 seconds (process running for 232.098)
20:23:05.535 [restartedMain] INFO  o.s.b.d.a.ConditionEvaluationDeltaLoggingListener - Condition evaluation unchanged
20:23:10.172 [http-nio-8080-exec-2] INFO  o.a.c.c.C.[.[localhost].[/] - Initializing Spring DispatcherServlet 'dispatcherServlet'
20:23:10.172 [http-nio-8080-exec-2] INFO  o.s.w.servlet.DispatcherServlet - Initializing Servlet 'dispatcherServlet'
20:23:10.173 [http-nio-8080-exec-2] INFO  o.s.w.servlet.DispatcherServlet - Completed initialization in 1 ms
20:23:22.310 [File Watcher] INFO  o.s.b.d.a.LocalDevToolsAutoConfiguration$RestartingClassPathChangeChangedEventListener - Restarting due to 1 class path change (0 additions, 0 deletions, 1 modification)
20:23:22.310 [Thread-14]   INFO  o.a.c.http11.Http11NioProtocol - Pausing ProtocolHandler ["http-nio-8080"]
20:23:22.310 [Thread-14]   INFO  o.a.c.core.StandardService - Stopping service [Tomcat]
20:23:22.310 [Thread-14]   INFO  o.a.c.c.C.[.[localhost].[/] - Destroying Spring FrameworkServlet 'dispatcherServlet'
20:23:22.326 [Thread-14]   INFO  o.a.c.http11.Http11NioProtocol - Stopping ProtocolHandler ["http-nio-8080"]
20:23:22.326 [Thread-14]   INFO  o.a.c.http11.Http11NioProtocol - Destroying ProtocolHandler ["http-nio-8080"]
20:23:22.326 [Thread-14]   INFO  o.s.o.j.LocalContainerEntityManagerFactoryBean - Closing JPA EntityManagerFactory for persistence unit 'default'
20:23:22.326 [Thread-14]   INFO  c.zaxxer.hikari.HikariDataSource - HikariPool-3 - Shutdown initiated...
20:23:22.341 [Thread-14]   INFO  c.zaxxer.hikari.HikariDataSource - HikariPool-3 - Shutdown completed.
20:23:22.498 [restartedMain] INFO  c.t.ticketingsystem.Application - Starting Application using Java 21.0.1 with PID 15952 (E:\Workspace\Basics\Java\Ticketing System\target\classes started by hsemmak in E:\Workspace\Basics\Java\Ticketing System)
20:23:22.498 [restartedMain] INFO  c.t.ticketingsystem.Application - No active profile set, falling back to 1 default profile: "default"
20:23:22.814 [restartedMain] INFO  o.s.d.r.c.RepositoryConfigurationDelegate - Bootstrapping Spring Data JPA repositories in DEFAULT mode.
20:23:22.833 [restartedMain] INFO  o.s.d.r.c.RepositoryConfigurationDelegate - Finished Spring Data repository scanning in 21 ms. Found 2 JPA repository interfaces.
20:23:23.035 [restartedMain] INFO  o.s.b.w.e.tomcat.TomcatWebServer - Tomcat initialized with port(s): 8080 (http)
20:23:23.043 [restartedMain] INFO  o.a.c.http11.Http11NioProtocol - Initializing ProtocolHandler ["http-nio-8080"]
20:23:23.043 [restartedMain] INFO  o.a.c.core.StandardService - Starting service [Tomcat]
20:23:23.043 [restartedMain] INFO  o.a.catalina.core.StandardEngine - Starting Servlet engine: [Apache Tomcat/10.1.13]
20:23:23.118 [restartedMain] INFO  o.a.c.c.C.[.[localhost].[/] - Initializing Spring embedded WebApplicationContext
20:23:23.118 [restartedMain] INFO  o.s.b.w.s.c.ServletWebServerApplicationContext - Root WebApplicationContext: initialization completed in 620 ms
20:23:23.193 [restartedMain] INFO  o.h.jpa.internal.util.LogHelper - HHH000204: Processing PersistenceUnitInfo [name: default]
20:23:23.206 [restartedMain] INFO  o.h.b.i.BytecodeProviderInitiator - HHH000021: Bytecode provider name : bytebuddy
20:23:23.206 [restartedMain] INFO  o.s.o.j.p.SpringPersistenceUnitInfo - No LoadTimeWeaver setup: ignoring JPA class transformer
20:23:23.208 [restartedMain] INFO  c.zaxxer.hikari.HikariDataSource - HikariPool-4 - Starting...
20:23:23.226 [restartedMain] INFO  c.zaxxer.hikari.pool.HikariPool - HikariPool-4 - Added connection com.mysql.cj.jdbc.ConnectionImpl@2b4613b8
20:23:23.226 [restartedMain] INFO  c.zaxxer.hikari.HikariDataSource - HikariPool-4 - Start completed.
20:23:23.270 [restartedMain] INFO  o.h.b.i.BytecodeProviderInitiator - HHH000021: Bytecode provider name : bytebuddy
20:23:23.373 [restartedMain] INFO  o.h.e.t.j.p.i.JtaPlatformInitiator - HHH000490: Using JtaPlatform implementation: [org.hibernate.engine.transaction.jta.platform.internal.NoJtaPlatform]
20:23:23.444 [restartedMain] INFO  o.s.o.j.LocalContainerEntityManagerFactoryBean - Initialized JPA EntityManagerFactory for persistence unit 'default'
20:23:23.635 [restartedMain] WARN  o.s.b.a.o.j.JpaBaseConfiguration$JpaWebConfiguration - spring.jpa.open-in-view is enabled by default. Therefore, database queries may be performed during view rendering. Explicitly configure spring.jpa.open-in-view to disable this warning
20:23:23.772 [restartedMain] INFO  o.s.b.d.a.OptionalLiveReloadServer - LiveReload server is running on port 35729
20:23:23.787 [restartedMain] INFO  o.a.c.http11.Http11NioProtocol - Starting ProtocolHandler ["http-nio-8080"]
20:23:23.787 [restartedMain] INFO  o.s.b.w.e.tomcat.TomcatWebServer - Tomcat started on port(s): 8080 (http) with context path ''
20:23:23.805 [restartedMain] INFO  c.t.ticketingsystem.Application - Started Application in 1.37 seconds (process running for 250.37)
20:23:23.806 [restartedMain] INFO  o.s.b.d.a.ConditionEvaluationDeltaLoggingListener - Condition evaluation unchanged
20:23:40.441 [SpringApplicationShutdownHook] INFO  o.s.o.j.LocalContainerEntityManagerFactoryBean - Closing JPA EntityManagerFactory for persistence unit 'default'
20:23:40.443 [SpringApplicationShutdownHook] INFO  c.zaxxer.hikari.HikariDataSource - HikariPool-4 - Shutdown initiated...
20:23:40.456 [SpringApplicationShutdownHook] INFO  c.zaxxer.hikari.HikariDataSource - HikariPool-4 - Shutdown completed.
20:24:59.320 [restartedMain] INFO  c.t.ticketingsystem.Application - Starting Application using Java 21.0.1 with PID 11876 (E:\Workspace\Basics\Java\Ticketing System\target\classes started by hsemmak in E:\Workspace\Basics\Java\Ticketing System)
20:24:59.323 [restartedMain] INFO  c.t.ticketingsystem.Application - No active profile set, falling back to 1 default profile: "default"
20:24:59.474 [restartedMain] INFO  o.s.b.d.e.DevToolsPropertyDefaultsPostProcessor - Devtools property defaults active! Set 'spring.devtools.add-properties' to 'false' to disable
20:24:59.474 [restartedMain] INFO  o.s.b.d.e.DevToolsPropertyDefaultsPostProcessor - For additional web related logging consider setting the 'logging.level.web' property to 'DEBUG'
20:25:00.916 [restartedMain] INFO  o.s.d.r.c.RepositoryConfigurationDelegate - Bootstrapping Spring Data JPA repositories in DEFAULT mode.
20:25:01.062 [restartedMain] INFO  o.s.d.r.c.RepositoryConfigurationDelegate - Finished Spring Data repository scanning in 120 ms. Found 2 JPA repository interfaces.
20:25:02.539 [restartedMain] INFO  o.s.b.w.e.tomcat.TomcatWebServer - Tomcat initialized with port(s): 8080 (http)
20:25:02.563 [restartedMain] INFO  o.a.c.http11.Http11NioProtocol - Initializing ProtocolHandler ["http-nio-8080"]
20:25:02.569 [restartedMain] INFO  o.a.c.core.StandardService - Starting service [Tomcat]
20:25:02.569 [restartedMain] INFO  o.a.catalina.core.StandardEngine - Starting Servlet engine: [Apache Tomcat/10.1.13]
20:25:02.731 [restartedMain] INFO  o.a.c.c.C.[.[localhost].[/] - Initializing Spring embedded WebApplicationContext
20:25:02.733 [restartedMain] INFO  o.s.b.w.s.c.ServletWebServerApplicationContext - Root WebApplicationContext: initialization completed in 3256 ms
20:25:03.094 [restartedMain] INFO  o.h.jpa.internal.util.LogHelper - HHH000204: Processing PersistenceUnitInfo [name: default]
20:25:03.223 [restartedMain] INFO  org.hibernate.Version - HHH000412: Hibernate ORM core version 6.2.9.Final
20:25:03.227 [restartedMain] INFO  org.hibernate.cfg.Environment - HHH000406: Using bytecode reflection optimizer
20:25:03.589 [restartedMain] INFO  o.h.b.i.BytecodeProviderInitiator - HHH000021: Bytecode provider name : bytebuddy
20:25:03.935 [restartedMain] INFO  o.s.o.j.p.SpringPersistenceUnitInfo - No LoadTimeWeaver setup: ignoring JPA class transformer
20:25:03.964 [restartedMain] INFO  c.zaxxer.hikari.HikariDataSource - HikariPool-1 - Starting...
20:25:04.744 [restartedMain] INFO  c.zaxxer.hikari.pool.HikariPool - HikariPool-1 - Added connection com.mysql.cj.jdbc.ConnectionImpl@4f5d4f6c
20:25:04.749 [restartedMain] INFO  c.zaxxer.hikari.HikariDataSource - HikariPool-1 - Start completed.
20:25:05.477 [restartedMain] INFO  o.h.b.i.BytecodeProviderInitiator - HHH000021: Bytecode provider name : bytebuddy
20:25:06.808 [restartedMain] INFO  o.h.e.t.j.p.i.JtaPlatformInitiator - HHH000490: Using JtaPlatform implementation: [org.hibernate.engine.transaction.jta.platform.internal.NoJtaPlatform]
20:25:06.958 [restartedMain] INFO  o.s.o.j.LocalContainerEntityManagerFactoryBean - Initialized JPA EntityManagerFactory for persistence unit 'default'
20:25:07.515 [restartedMain] INFO  o.s.d.j.r.q.QueryEnhancerFactory - Hibernate is in classpath; If applicable, HQL parser will be used.
20:25:08.468 [restartedMain] WARN  o.s.b.a.o.j.JpaBaseConfiguration$JpaWebConfiguration - spring.jpa.open-in-view is enabled by default. Therefore, database queries may be performed during view rendering. Explicitly configure spring.jpa.open-in-view to disable this warning
20:25:09.058 [restartedMain] INFO  o.s.b.d.a.OptionalLiveReloadServer - LiveReload server is running on port 35729
20:25:09.080 [restartedMain] INFO  o.a.c.http11.Http11NioProtocol - Starting ProtocolHandler ["http-nio-8080"]
20:25:09.124 [restartedMain] INFO  o.s.b.w.e.tomcat.TomcatWebServer - Tomcat started on port(s): 8080 (http) with context path ''
20:25:09.142 [restartedMain] INFO  c.t.ticketingsystem.Application - Started Application in 10.547 seconds (process running for 12.035)
20:25:13.524 [http-nio-8080-exec-2] INFO  o.a.c.c.C.[.[localhost].[/] - Initializing Spring DispatcherServlet 'dispatcherServlet'
20:25:13.525 [http-nio-8080-exec-2] INFO  o.s.w.servlet.DispatcherServlet - Initializing Servlet 'dispatcherServlet'
20:25:13.529 [http-nio-8080-exec-2] INFO  o.s.w.servlet.DispatcherServlet - Completed initialization in 3 ms
20:25:42.019 [SpringApplicationShutdownHook] INFO  o.s.o.j.LocalContainerEntityManagerFactoryBean - Closing JPA EntityManagerFactory for persistence unit 'default'
20:25:42.027 [SpringApplicationShutdownHook] INFO  c.zaxxer.hikari.HikariDataSource - HikariPool-1 - Shutdown initiated...
20:25:42.042 [SpringApplicationShutdownHook] INFO  c.zaxxer.hikari.HikariDataSource - HikariPool-1 - Shutdown completed.
20:26:52.262 [restartedMain] INFO  c.t.ticketingsystem.Application - Starting Application using Java 21.0.1 with PID 14036 (E:\Workspace\Basics\Java\Ticketing System\target\classes started by hsemmak in E:\Workspace\Basics\Java\Ticketing System)
20:26:52.266 [restartedMain] INFO  c.t.ticketingsystem.Application - No active profile set, falling back to 1 default profile: "default"
20:26:52.397 [restartedMain] INFO  o.s.b.d.e.DevToolsPropertyDefaultsPostProcessor - Devtools property defaults active! Set 'spring.devtools.add-properties' to 'false' to disable
20:26:52.397 [restartedMain] INFO  o.s.b.d.e.DevToolsPropertyDefaultsPostProcessor - For additional web related logging consider setting the 'logging.level.web' property to 'DEBUG'
20:26:53.727 [restartedMain] INFO  o.s.d.r.c.RepositoryConfigurationDelegate - Bootstrapping Spring Data JPA repositories in DEFAULT mode.
20:26:53.857 [restartedMain] INFO  o.s.d.r.c.RepositoryConfigurationDelegate - Finished Spring Data repository scanning in 112 ms. Found 2 JPA repository interfaces.
20:26:55.570 [restartedMain] INFO  o.s.b.w.e.tomcat.TomcatWebServer - Tomcat initialized with port(s): 8080 (http)
20:26:55.594 [restartedMain] INFO  o.a.c.http11.Http11NioProtocol - Initializing ProtocolHandler ["http-nio-8080"]
20:26:55.600 [restartedMain] INFO  o.a.c.core.StandardService - Starting service [Tomcat]
20:26:55.600 [restartedMain] INFO  o.a.catalina.core.StandardEngine - Starting Servlet engine: [Apache Tomcat/10.1.13]
20:26:55.740 [restartedMain] INFO  o.a.c.c.C.[.[localhost].[/] - Initializing Spring embedded WebApplicationContext
20:26:55.744 [restartedMain] INFO  o.s.b.w.s.c.ServletWebServerApplicationContext - Root WebApplicationContext: initialization completed in 3343 ms
20:26:56.129 [restartedMain] INFO  o.h.jpa.internal.util.LogHelper - HHH000204: Processing PersistenceUnitInfo [name: default]
20:26:56.265 [restartedMain] INFO  org.hibernate.Version - HHH000412: Hibernate ORM core version 6.2.9.Final
20:26:56.269 [restartedMain] INFO  org.hibernate.cfg.Environment - HHH000406: Using bytecode reflection optimizer
20:26:56.592 [restartedMain] INFO  o.h.b.i.BytecodeProviderInitiator - HHH000021: Bytecode provider name : bytebuddy
20:26:56.875 [restartedMain] INFO  o.s.o.j.p.SpringPersistenceUnitInfo - No LoadTimeWeaver setup: ignoring JPA class transformer
20:26:56.907 [restartedMain] INFO  c.zaxxer.hikari.HikariDataSource - HikariPool-1 - Starting...
20:26:57.650 [restartedMain] INFO  c.zaxxer.hikari.pool.HikariPool - HikariPool-1 - Added connection com.mysql.cj.jdbc.ConnectionImpl@1aa1e739
20:26:57.653 [restartedMain] INFO  c.zaxxer.hikari.HikariDataSource - HikariPool-1 - Start completed.
20:26:58.233 [restartedMain] INFO  o.h.b.i.BytecodeProviderInitiator - HHH000021: Bytecode provider name : bytebuddy
20:26:59.336 [restartedMain] INFO  o.h.e.t.j.p.i.JtaPlatformInitiator - HHH000490: Using JtaPlatform implementation: [org.hibernate.engine.transaction.jta.platform.internal.NoJtaPlatform]
20:26:59.460 [restartedMain] INFO  o.s.o.j.LocalContainerEntityManagerFactoryBean - Initialized JPA EntityManagerFactory for persistence unit 'default'
20:27:00.419 [restartedMain] INFO  o.s.d.j.r.q.QueryEnhancerFactory - Hibernate is in classpath; If applicable, HQL parser will be used.
20:27:01.530 [restartedMain] WARN  o.s.b.a.o.j.JpaBaseConfiguration$JpaWebConfiguration - spring.jpa.open-in-view is enabled by default. Therefore, database queries may be performed during view rendering. Explicitly configure spring.jpa.open-in-view to disable this warning
20:27:02.192 [restartedMain] INFO  o.s.b.d.a.OptionalLiveReloadServer - LiveReload server is running on port 35729
20:27:02.217 [restartedMain] INFO  o.a.c.http11.Http11NioProtocol - Starting ProtocolHandler ["http-nio-8080"]
20:27:02.276 [restartedMain] INFO  o.s.b.w.e.tomcat.TomcatWebServer - Tomcat started on port(s): 8080 (http) with context path ''
20:27:02.297 [restartedMain] INFO  c.t.ticketingsystem.Application - Started Application in 10.746 seconds (process running for 12.312)
20:27:11.059 [http-nio-8080-exec-2] INFO  o.a.c.c.C.[.[localhost].[/] - Initializing Spring DispatcherServlet 'dispatcherServlet'
20:27:11.059 [http-nio-8080-exec-2] INFO  o.s.w.servlet.DispatcherServlet - Initializing Servlet 'dispatcherServlet'
20:27:11.059 [http-nio-8080-exec-2] INFO  o.s.w.servlet.DispatcherServlet - Completed initialization in 0 ms
20:28:00.069 [SpringApplicationShutdownHook] INFO  o.s.o.j.LocalContainerEntityManagerFactoryBean - Closing JPA EntityManagerFactory for persistence unit 'default'
20:28:00.075 [SpringApplicationShutdownHook] INFO  c.zaxxer.hikari.HikariDataSource - HikariPool-1 - Shutdown initiated...
20:28:00.108 [SpringApplicationShutdownHook] INFO  c.zaxxer.hikari.HikariDataSource - HikariPool-1 - Shutdown completed.
20:29:11.266 [restartedMain] INFO  c.t.ticketingsystem.Application - Starting Application using Java 21.0.1 with PID 11052 (E:\Workspace\Basics\Java\Ticketing System\target\classes started by hsemmak in E:\Workspace\Basics\Java\Ticketing System)
20:29:11.266 [restartedMain] INFO  c.t.ticketingsystem.Application - No active profile set, falling back to 1 default profile: "default"
20:29:11.415 [restartedMain] INFO  o.s.b.d.e.DevToolsPropertyDefaultsPostProcessor - Devtools property defaults active! Set 'spring.devtools.add-properties' to 'false' to disable
20:29:11.415 [restartedMain] INFO  o.s.b.d.e.DevToolsPropertyDefaultsPostProcessor - For additional web related logging consider setting the 'logging.level.web' property to 'DEBUG'
20:29:12.795 [restartedMain] INFO  o.s.d.r.c.RepositoryConfigurationDelegate - Bootstrapping Spring Data JPA repositories in DEFAULT mode.
20:29:12.977 [restartedMain] INFO  o.s.d.r.c.RepositoryConfigurationDelegate - Finished Spring Data repository scanning in 151 ms. Found 2 JPA repository interfaces.
20:29:15.274 [restartedMain] INFO  o.s.b.w.e.tomcat.TomcatWebServer - Tomcat initialized with port(s): 8080 (http)
20:29:15.298 [restartedMain] INFO  o.a.c.http11.Http11NioProtocol - Initializing ProtocolHandler ["http-nio-8080"]
20:29:15.304 [restartedMain] INFO  o.a.c.core.StandardService - Starting service [Tomcat]
20:29:15.305 [restartedMain] INFO  o.a.catalina.core.StandardEngine - Starting Servlet engine: [Apache Tomcat/10.1.13]
20:29:15.434 [restartedMain] INFO  o.a.c.c.C.[.[localhost].[/] - Initializing Spring embedded WebApplicationContext
20:29:15.439 [restartedMain] INFO  o.s.b.w.s.c.ServletWebServerApplicationContext - Root WebApplicationContext: initialization completed in 4019 ms
20:29:15.841 [restartedMain] INFO  o.h.jpa.internal.util.LogHelper - HHH000204: Processing PersistenceUnitInfo [name: default]
20:29:16.059 [restartedMain] INFO  org.hibernate.Version - HHH000412: Hibernate ORM core version 6.2.9.Final
20:29:16.065 [restartedMain] INFO  org.hibernate.cfg.Environment - HHH000406: Using bytecode reflection optimizer
20:29:16.457 [restartedMain] INFO  o.h.b.i.BytecodeProviderInitiator - HHH000021: Bytecode provider name : bytebuddy
20:29:16.777 [restartedMain] INFO  o.s.o.j.p.SpringPersistenceUnitInfo - No LoadTimeWeaver setup: ignoring JPA class transformer
20:29:16.803 [restartedMain] INFO  c.zaxxer.hikari.HikariDataSource - HikariPool-1 - Starting...
20:29:17.609 [restartedMain] INFO  c.zaxxer.hikari.pool.HikariPool - HikariPool-1 - Added connection com.mysql.cj.jdbc.ConnectionImpl@524afa75
20:29:17.613 [restartedMain] INFO  c.zaxxer.hikari.HikariDataSource - HikariPool-1 - Start completed.
20:29:18.277 [restartedMain] INFO  o.h.b.i.BytecodeProviderInitiator - HHH000021: Bytecode provider name : bytebuddy
20:29:19.507 [restartedMain] INFO  o.h.e.t.j.p.i.JtaPlatformInitiator - HHH000490: Using JtaPlatform implementation: [org.hibernate.engine.transaction.jta.platform.internal.NoJtaPlatform]
20:29:19.684 [restartedMain] INFO  o.s.o.j.LocalContainerEntityManagerFactoryBean - Initialized JPA EntityManagerFactory for persistence unit 'default'
20:29:20.454 [restartedMain] INFO  o.s.d.j.r.q.QueryEnhancerFactory - Hibernate is in classpath; If applicable, HQL parser will be used.
20:29:21.420 [restartedMain] WARN  o.s.b.a.o.j.JpaBaseConfiguration$JpaWebConfiguration - spring.jpa.open-in-view is enabled by default. Therefore, database queries may be performed during view rendering. Explicitly configure spring.jpa.open-in-view to disable this warning
20:29:22.060 [restartedMain] INFO  o.s.b.d.a.OptionalLiveReloadServer - LiveReload server is running on port 35729
20:29:22.081 [restartedMain] INFO  o.a.c.http11.Http11NioProtocol - Starting ProtocolHandler ["http-nio-8080"]
20:29:22.120 [restartedMain] INFO  o.s.b.w.e.tomcat.TomcatWebServer - Tomcat started on port(s): 8080 (http) with context path ''
20:29:22.136 [restartedMain] INFO  c.t.ticketingsystem.Application - Started Application in 11.544 seconds (process running for 13.056)
20:29:23.556 [http-nio-8080-exec-1] INFO  o.a.c.c.C.[.[localhost].[/] - Initializing Spring DispatcherServlet 'dispatcherServlet'
20:29:23.557 [http-nio-8080-exec-1] INFO  o.s.w.servlet.DispatcherServlet - Initializing Servlet 'dispatcherServlet'
20:29:23.559 [http-nio-8080-exec-1] INFO  o.s.w.servlet.DispatcherServlet - Completed initialization in 2 ms
20:29:57.697 [SpringApplicationShutdownHook] INFO  o.s.o.j.LocalContainerEntityManagerFactoryBean - Closing JPA EntityManagerFactory for persistence unit 'default'
20:29:57.708 [SpringApplicationShutdownHook] INFO  c.zaxxer.hikari.HikariDataSource - HikariPool-1 - Shutdown initiated...
20:29:57.741 [SpringApplicationShutdownHook] INFO  c.zaxxer.hikari.HikariDataSource - HikariPool-1 - Shutdown completed.
20:31:27.262 [restartedMain] INFO  c.t.ticketingsystem.Application - Starting Application using Java 21.0.1 with PID 11692 (E:\Workspace\Basics\Java\Ticketing System\target\classes started by hsemmak in E:\Workspace\Basics\Java\Ticketing System)
20:31:27.266 [restartedMain] INFO  c.t.ticketingsystem.Application - No active profile set, falling back to 1 default profile: "default"
20:31:27.396 [restartedMain] INFO  o.s.b.d.e.DevToolsPropertyDefaultsPostProcessor - Devtools property defaults active! Set 'spring.devtools.add-properties' to 'false' to disable
20:31:27.396 [restartedMain] INFO  o.s.b.d.e.DevToolsPropertyDefaultsPostProcessor - For additional web related logging consider setting the 'logging.level.web' property to 'DEBUG'
20:31:28.952 [restartedMain] INFO  o.s.d.r.c.RepositoryConfigurationDelegate - Bootstrapping Spring Data JPA repositories in DEFAULT mode.
20:31:29.112 [restartedMain] INFO  o.s.d.r.c.RepositoryConfigurationDelegate - Finished Spring Data repository scanning in 140 ms. Found 2 JPA repository interfaces.
20:31:30.735 [restartedMain] INFO  o.s.b.w.e.tomcat.TomcatWebServer - Tomcat initialized with port(s): 8080 (http)
20:31:30.755 [restartedMain] INFO  o.a.c.http11.Http11NioProtocol - Initializing ProtocolHandler ["http-nio-8080"]
20:31:30.760 [restartedMain] INFO  o.a.c.core.StandardService - Starting service [Tomcat]
20:31:30.761 [restartedMain] INFO  o.a.catalina.core.StandardEngine - Starting Servlet engine: [Apache Tomcat/10.1.13]
20:31:30.895 [restartedMain] INFO  o.a.c.c.C.[.[localhost].[/] - Initializing Spring embedded WebApplicationContext
20:31:30.898 [restartedMain] INFO  o.s.b.w.s.c.ServletWebServerApplicationContext - Root WebApplicationContext: initialization completed in 3498 ms
20:31:31.266 [restartedMain] INFO  o.h.jpa.internal.util.LogHelper - HHH000204: Processing PersistenceUnitInfo [name: default]
20:31:31.424 [restartedMain] INFO  org.hibernate.Version - HHH000412: Hibernate ORM core version 6.2.9.Final
20:31:31.428 [restartedMain] INFO  org.hibernate.cfg.Environment - HHH000406: Using bytecode reflection optimizer
20:31:31.747 [restartedMain] INFO  o.h.b.i.BytecodeProviderInitiator - HHH000021: Bytecode provider name : bytebuddy
20:31:32.057 [restartedMain] INFO  o.s.o.j.p.SpringPersistenceUnitInfo - No LoadTimeWeaver setup: ignoring JPA class transformer
20:31:32.089 [restartedMain] INFO  c.zaxxer.hikari.HikariDataSource - HikariPool-1 - Starting...
20:31:32.864 [restartedMain] INFO  c.zaxxer.hikari.pool.HikariPool - HikariPool-1 - Added connection com.mysql.cj.jdbc.ConnectionImpl@524afa75
20:31:32.868 [restartedMain] INFO  c.zaxxer.hikari.HikariDataSource - HikariPool-1 - Start completed.
20:31:33.624 [restartedMain] INFO  o.h.b.i.BytecodeProviderInitiator - HHH000021: Bytecode provider name : bytebuddy
20:31:34.778 [restartedMain] INFO  o.h.e.t.j.p.i.JtaPlatformInitiator - HHH000490: Using JtaPlatform implementation: [org.hibernate.engine.transaction.jta.platform.internal.NoJtaPlatform]
20:31:34.946 [restartedMain] INFO  o.s.o.j.LocalContainerEntityManagerFactoryBean - Initialized JPA EntityManagerFactory for persistence unit 'default'
20:31:35.556 [restartedMain] INFO  o.s.d.j.r.q.QueryEnhancerFactory - Hibernate is in classpath; If applicable, HQL parser will be used.
20:31:36.465 [restartedMain] WARN  o.s.b.a.o.j.JpaBaseConfiguration$JpaWebConfiguration - spring.jpa.open-in-view is enabled by default. Therefore, database queries may be performed during view rendering. Explicitly configure spring.jpa.open-in-view to disable this warning
20:31:37.030 [restartedMain] INFO  o.s.b.d.a.OptionalLiveReloadServer - LiveReload server is running on port 35729
20:31:37.046 [restartedMain] INFO  o.a.c.http11.Http11NioProtocol - Starting ProtocolHandler ["http-nio-8080"]
20:31:37.084 [restartedMain] INFO  o.s.b.w.e.tomcat.TomcatWebServer - Tomcat started on port(s): 8080 (http) with context path ''
20:31:37.100 [restartedMain] INFO  c.t.ticketingsystem.Application - Started Application in 10.552 seconds (process running for 12.282)
20:34:17.327 [SpringApplicationShutdownHook] INFO  o.s.o.j.LocalContainerEntityManagerFactoryBean - Closing JPA EntityManagerFactory for persistence unit 'default'
20:34:17.336 [SpringApplicationShutdownHook] INFO  c.zaxxer.hikari.HikariDataSource - HikariPool-1 - Shutdown initiated...
20:34:17.371 [SpringApplicationShutdownHook] INFO  c.zaxxer.hikari.HikariDataSource - HikariPool-1 - Shutdown completed.
20:35:25.652 [restartedMain] INFO  c.t.ticketingsystem.Application - Starting Application using Java 21.0.1 with PID 14672 (E:\Workspace\Basics\Java\Ticketing System\target\classes started by hsemmak in E:\Workspace\Basics\Java\Ticketing System)
20:35:25.655 [restartedMain] INFO  c.t.ticketingsystem.Application - No active profile set, falling back to 1 default profile: "default"
20:35:25.799 [restartedMain] INFO  o.s.b.d.e.DevToolsPropertyDefaultsPostProcessor - Devtools property defaults active! Set 'spring.devtools.add-properties' to 'false' to disable
20:35:25.800 [restartedMain] INFO  o.s.b.d.e.DevToolsPropertyDefaultsPostProcessor - For additional web related logging consider setting the 'logging.level.web' property to 'DEBUG'
20:35:27.298 [restartedMain] INFO  o.s.d.r.c.RepositoryConfigurationDelegate - Bootstrapping Spring Data JPA repositories in DEFAULT mode.
20:35:27.423 [restartedMain] INFO  o.s.d.r.c.RepositoryConfigurationDelegate - Finished Spring Data repository scanning in 104 ms. Found 2 JPA repository interfaces.
20:35:28.998 [restartedMain] INFO  o.s.b.w.e.tomcat.TomcatWebServer - Tomcat initialized with port(s): 8080 (http)
20:35:29.023 [restartedMain] INFO  o.a.c.http11.Http11NioProtocol - Initializing ProtocolHandler ["http-nio-8080"]
20:35:29.032 [restartedMain] INFO  o.a.c.core.StandardService - Starting service [Tomcat]
20:35:29.033 [restartedMain] INFO  o.a.catalina.core.StandardEngine - Starting Servlet engine: [Apache Tomcat/10.1.13]
20:35:29.162 [restartedMain] INFO  o.a.c.c.C.[.[localhost].[/] - Initializing Spring embedded WebApplicationContext
20:35:29.166 [restartedMain] INFO  o.s.b.w.s.c.ServletWebServerApplicationContext - Root WebApplicationContext: initialization completed in 3362 ms
20:35:29.513 [restartedMain] INFO  o.h.jpa.internal.util.LogHelper - HHH000204: Processing PersistenceUnitInfo [name: default]
20:35:29.682 [restartedMain] INFO  org.hibernate.Version - HHH000412: Hibernate ORM core version 6.2.9.Final
20:35:29.690 [restartedMain] INFO  org.hibernate.cfg.Environment - HHH000406: Using bytecode reflection optimizer
20:35:30.013 [restartedMain] INFO  o.h.b.i.BytecodeProviderInitiator - HHH000021: Bytecode provider name : bytebuddy
20:35:30.299 [restartedMain] INFO  o.s.o.j.p.SpringPersistenceUnitInfo - No LoadTimeWeaver setup: ignoring JPA class transformer
20:35:30.326 [restartedMain] INFO  c.zaxxer.hikari.HikariDataSource - HikariPool-1 - Starting...
20:35:31.035 [restartedMain] INFO  c.zaxxer.hikari.pool.HikariPool - HikariPool-1 - Added connection com.mysql.cj.jdbc.ConnectionImpl@f76be6a
20:35:31.037 [restartedMain] INFO  c.zaxxer.hikari.HikariDataSource - HikariPool-1 - Start completed.
20:35:31.747 [restartedMain] INFO  o.h.b.i.BytecodeProviderInitiator - HHH000021: Bytecode provider name : bytebuddy
20:35:32.914 [restartedMain] INFO  o.h.e.t.j.p.i.JtaPlatformInitiator - HHH000490: Using JtaPlatform implementation: [org.hibernate.engine.transaction.jta.platform.internal.NoJtaPlatform]
20:35:33.061 [restartedMain] INFO  o.s.o.j.LocalContainerEntityManagerFactoryBean - Initialized JPA EntityManagerFactory for persistence unit 'default'
20:35:33.752 [restartedMain] INFO  o.s.d.j.r.q.QueryEnhancerFactory - Hibernate is in classpath; If applicable, HQL parser will be used.
20:35:34.648 [restartedMain] WARN  o.s.b.a.o.j.JpaBaseConfiguration$JpaWebConfiguration - spring.jpa.open-in-view is enabled by default. Therefore, database queries may be performed during view rendering. Explicitly configure spring.jpa.open-in-view to disable this warning
20:35:35.201 [restartedMain] INFO  o.s.b.d.a.OptionalLiveReloadServer - LiveReload server is running on port 35729
20:35:35.218 [restartedMain] INFO  o.a.c.http11.Http11NioProtocol - Starting ProtocolHandler ["http-nio-8080"]
20:35:35.250 [restartedMain] INFO  o.s.b.w.e.tomcat.TomcatWebServer - Tomcat started on port(s): 8080 (http) with context path ''
20:35:35.268 [restartedMain] INFO  c.t.ticketingsystem.Application - Started Application in 10.308 seconds (process running for 11.869)
20:36:11.440 [http-nio-8080-exec-1] INFO  o.a.c.c.C.[.[localhost].[/] - Initializing Spring DispatcherServlet 'dispatcherServlet'
20:36:11.440 [http-nio-8080-exec-1] INFO  o.s.w.servlet.DispatcherServlet - Initializing Servlet 'dispatcherServlet'
20:36:11.442 [http-nio-8080-exec-1] INFO  o.s.w.servlet.DispatcherServlet - Completed initialization in 1 ms
20:36:11.647 [http-nio-8080-exec-1] WARN  o.s.w.s.m.s.DefaultHandlerExceptionResolver - Resolved [org.springframework.http.converter.HttpMessageNotReadableException: JSON parse error: Cannot construct instance of `com.ticketingsystem.ticketingsystem.entity.User` (although at least one Creator exists): no int/Int-argument constructor/factory method to deserialize from Number value (1)]
20:36:30.380 [SpringApplicationShutdownHook] INFO  o.s.o.j.LocalContainerEntityManagerFactoryBean - Closing JPA EntityManagerFactory for persistence unit 'default'
20:36:30.380 [SpringApplicationShutdownHook] INFO  c.zaxxer.hikari.HikariDataSource - HikariPool-1 - Shutdown initiated...
20:36:30.416 [SpringApplicationShutdownHook] INFO  c.zaxxer.hikari.HikariDataSource - HikariPool-1 - Shutdown completed.
