10:10:50.691 [restartedMain] INFO  c.t.ticketingsystem.Application - Starting Application using Java 21.0.1 with PID 7256 (E:\Workspace\Basics\Java\Ticketing System\target\classes started by hsemmak in E:\Workspace\Basics\Java\Ticketing System)
10:10:50.699 [restartedMain] INFO  c.t.ticketingsystem.Application - No active profile set, falling back to 1 default profile: "default"
10:10:50.811 [restartedMain] INFO  o.s.b.d.e.DevToolsPropertyDefaultsPostProcessor - Devtools property defaults active! Set 'spring.devtools.add-properties' to 'false' to disable
10:10:50.812 [restartedMain] INFO  o.s.b.d.e.DevToolsPropertyDefaultsPostProcessor - For additional web related logging consider setting the 'logging.level.web' property to 'DEBUG'
10:10:52.353 [restartedMain] INFO  o.s.d.r.c.RepositoryConfigurationDelegate - Bootstrapping Spring Data JPA repositories in DEFAULT mode.
10:10:52.484 [restartedMain] INFO  o.s.d.r.c.RepositoryConfigurationDelegate - Finished Spring Data repository scanning in 108 ms. Found 2 JPA repository interfaces.
10:10:53.890 [restartedMain] INFO  o.s.b.w.e.tomcat.TomcatWebServer - Tomcat initialized with port(s): 8080 (http)
10:10:53.910 [restartedMain] INFO  o.a.c.http11.Http11NioProtocol - Initializing ProtocolHandler ["http-nio-8080"]
10:10:53.915 [restartedMain] INFO  o.a.c.core.StandardService - Starting service [Tomcat]
10:10:53.916 [restartedMain] INFO  o.a.catalina.core.StandardEngine - Starting Servlet engine: [Apache Tomcat/10.1.13]
10:10:54.027 [restartedMain] INFO  o.a.c.c.C.[.[localhost].[/] - Initializing Spring embedded WebApplicationContext
10:10:54.029 [restartedMain] INFO  o.s.b.w.s.c.ServletWebServerApplicationContext - Root WebApplicationContext: initialization completed in 3215 ms
10:10:54.376 [restartedMain] INFO  o.h.jpa.internal.util.LogHelper - HHH000204: Processing PersistenceUnitInfo [name: default]
10:10:54.520 [restartedMain] INFO  org.hibernate.Version - HHH000412: Hibernate ORM core version 6.2.9.Final
10:10:54.523 [restartedMain] INFO  org.hibernate.cfg.Environment - HHH000406: Using bytecode reflection optimizer
10:10:54.788 [restartedMain] INFO  o.h.b.i.BytecodeProviderInitiator - HHH000021: Bytecode provider name : bytebuddy
10:10:55.018 [restartedMain] INFO  o.s.o.j.p.SpringPersistenceUnitInfo - No LoadTimeWeaver setup: ignoring JPA class transformer
10:10:55.041 [restartedMain] INFO  c.zaxxer.hikari.HikariDataSource - HikariPool-1 - Starting...
10:10:55.676 [restartedMain] INFO  c.zaxxer.hikari.pool.HikariPool - HikariPool-1 - Added connection com.mysql.cj.jdbc.ConnectionImpl@1cb221c2
10:10:55.679 [restartedMain] INFO  c.zaxxer.hikari.HikariDataSource - HikariPool-1 - Start completed.
10:10:56.169 [restartedMain] INFO  o.h.b.i.BytecodeProviderInitiator - HHH000021: Bytecode provider name : bytebuddy
10:10:56.981 [restartedMain] INFO  o.h.e.t.j.p.i.JtaPlatformInitiator - HHH000490: Using JtaPlatform implementation: [org.hibernate.engine.transaction.jta.platform.internal.NoJtaPlatform]
10:10:57.120 [restartedMain] INFO  o.s.o.j.LocalContainerEntityManagerFactoryBean - Initialized JPA EntityManagerFactory for persistence unit 'default'
10:10:57.588 [restartedMain] INFO  o.s.d.j.r.q.QueryEnhancerFactory - Hibernate is in classpath; If applicable, HQL parser will be used.
10:10:58.441 [restartedMain] WARN  o.s.b.a.o.j.JpaBaseConfiguration$JpaWebConfiguration - spring.jpa.open-in-view is enabled by default. Therefore, database queries may be performed during view rendering. Explicitly configure spring.jpa.open-in-view to disable this warning
10:10:58.960 [restartedMain] INFO  o.s.b.d.a.OptionalLiveReloadServer - LiveReload server is running on port 35729
10:10:58.976 [restartedMain] INFO  o.a.c.http11.Http11NioProtocol - Starting ProtocolHandler ["http-nio-8080"]
10:10:59.013 [restartedMain] INFO  o.s.b.w.e.tomcat.TomcatWebServer - Tomcat started on port(s): 8080 (http) with context path ''
10:10:59.027 [restartedMain] INFO  c.t.ticketingsystem.Application - Started Application in 8.994 seconds (process running for 11.047)
10:11:12.664 [File Watcher] INFO  o.s.b.d.a.LocalDevToolsAutoConfiguration$RestartingClassPathChangeChangedEventListener - Restarting due to 1 class path change (0 additions, 0 deletions, 1 modification)
10:11:12.686 [Thread-7]    INFO  o.a.c.http11.Http11NioProtocol - Pausing ProtocolHandler ["http-nio-8080"]
10:11:12.686 [Thread-7]    INFO  o.a.c.core.StandardService - Stopping service [Tomcat]
10:11:12.691 [Thread-7]    INFO  o.a.c.http11.Http11NioProtocol - Stopping ProtocolHandler ["http-nio-8080"]
10:11:12.694 [Thread-7]    INFO  o.a.c.http11.Http11NioProtocol - Destroying ProtocolHandler ["http-nio-8080"]
10:11:12.696 [Thread-7]    INFO  o.s.o.j.LocalContainerEntityManagerFactoryBean - Closing JPA EntityManagerFactory for persistence unit 'default'
10:11:12.701 [Thread-7]    INFO  c.zaxxer.hikari.HikariDataSource - HikariPool-1 - Shutdown initiated...
10:11:12.720 [Thread-7]    INFO  c.zaxxer.hikari.HikariDataSource - HikariPool-1 - Shutdown completed.
10:11:12.907 [restartedMain] INFO  c.t.ticketingsystem.Application - Starting Application using Java 21.0.1 with PID 7256 (E:\Workspace\Basics\Java\Ticketing System\target\classes started by hsemmak in E:\Workspace\Basics\Java\Ticketing System)
10:11:12.908 [restartedMain] INFO  c.t.ticketingsystem.Application - No active profile set, falling back to 1 default profile: "default"
10:11:13.481 [restartedMain] INFO  o.s.d.r.c.RepositoryConfigurationDelegate - Bootstrapping Spring Data JPA repositories in DEFAULT mode.
10:11:13.518 [restartedMain] INFO  o.s.d.r.c.RepositoryConfigurationDelegate - Finished Spring Data repository scanning in 34 ms. Found 2 JPA repository interfaces.
10:11:13.839 [restartedMain] INFO  o.s.b.w.e.tomcat.TomcatWebServer - Tomcat initialized with port(s): 8080 (http)
10:11:13.840 [restartedMain] INFO  o.a.c.http11.Http11NioProtocol - Initializing ProtocolHandler ["http-nio-8080"]
10:11:13.840 [restartedMain] INFO  o.a.c.core.StandardService - Starting service [Tomcat]
10:11:13.841 [restartedMain] INFO  o.a.catalina.core.StandardEngine - Starting Servlet engine: [Apache Tomcat/10.1.13]
10:11:13.894 [restartedMain] INFO  o.a.c.c.C.[.[localhost].[/] - Initializing Spring embedded WebApplicationContext
10:11:13.895 [restartedMain] INFO  o.s.b.w.s.c.ServletWebServerApplicationContext - Root WebApplicationContext: initialization completed in 982 ms
10:11:13.985 [restartedMain] INFO  o.h.jpa.internal.util.LogHelper - HHH000204: Processing PersistenceUnitInfo [name: default]
10:11:13.996 [restartedMain] INFO  o.h.b.i.BytecodeProviderInitiator - HHH000021: Bytecode provider name : bytebuddy
10:11:13.997 [restartedMain] INFO  o.s.o.j.p.SpringPersistenceUnitInfo - No LoadTimeWeaver setup: ignoring JPA class transformer
10:11:13.999 [restartedMain] INFO  c.zaxxer.hikari.HikariDataSource - HikariPool-2 - Starting...
10:11:14.065 [restartedMain] INFO  c.zaxxer.hikari.pool.HikariPool - HikariPool-2 - Added connection com.mysql.cj.jdbc.ConnectionImpl@6e925b49
10:11:14.065 [restartedMain] INFO  c.zaxxer.hikari.HikariDataSource - HikariPool-2 - Start completed.
10:11:14.103 [restartedMain] INFO  o.h.b.i.BytecodeProviderInitiator - HHH000021: Bytecode provider name : bytebuddy
10:11:14.599 [restartedMain] INFO  o.h.e.t.j.p.i.JtaPlatformInitiator - HHH000490: Using JtaPlatform implementation: [org.hibernate.engine.transaction.jta.platform.internal.NoJtaPlatform]
10:11:14.742 [restartedMain] INFO  o.s.o.j.LocalContainerEntityManagerFactoryBean - Initialized JPA EntityManagerFactory for persistence unit 'default'
10:11:14.966 [restartedMain] WARN  o.s.b.a.o.j.JpaBaseConfiguration$JpaWebConfiguration - spring.jpa.open-in-view is enabled by default. Therefore, database queries may be performed during view rendering. Explicitly configure spring.jpa.open-in-view to disable this warning
10:11:15.125 [restartedMain] INFO  o.s.b.d.a.OptionalLiveReloadServer - LiveReload server is running on port 35729
10:11:15.132 [restartedMain] INFO  o.a.c.http11.Http11NioProtocol - Starting ProtocolHandler ["http-nio-8080"]
10:11:15.142 [restartedMain] INFO  o.s.b.w.e.tomcat.TomcatWebServer - Tomcat started on port(s): 8080 (http) with context path ''
10:11:15.148 [restartedMain] INFO  c.t.ticketingsystem.Application - Started Application in 2.314 seconds (process running for 27.167)
10:11:15.152 [restartedMain] INFO  o.s.b.d.a.ConditionEvaluationDeltaLoggingListener - Condition evaluation unchanged
10:11:18.722 [SpringApplicationShutdownHook] INFO  o.s.o.j.LocalContainerEntityManagerFactoryBean - Closing JPA EntityManagerFactory for persistence unit 'default'
10:11:18.723 [SpringApplicationShutdownHook] INFO  c.zaxxer.hikari.HikariDataSource - HikariPool-2 - Shutdown initiated...
10:11:18.732 [SpringApplicationShutdownHook] INFO  c.zaxxer.hikari.HikariDataSource - HikariPool-2 - Shutdown completed.
10:12:21.276 [restartedMain] INFO  c.t.ticketingsystem.Application - Starting Application using Java 21.0.1 with PID 20476 (E:\Workspace\Basics\Java\Ticketing System\target\classes started by hsemmak in E:\Workspace\Basics\Java\Ticketing System)
10:12:21.282 [restartedMain] INFO  c.t.ticketingsystem.Application - No active profile set, falling back to 1 default profile: "default"
10:12:21.423 [restartedMain] INFO  o.s.b.d.e.DevToolsPropertyDefaultsPostProcessor - Devtools property defaults active! Set 'spring.devtools.add-properties' to 'false' to disable
10:12:21.423 [restartedMain] INFO  o.s.b.d.e.DevToolsPropertyDefaultsPostProcessor - For additional web related logging consider setting the 'logging.level.web' property to 'DEBUG'
10:12:23.525 [restartedMain] INFO  o.s.d.r.c.RepositoryConfigurationDelegate - Bootstrapping Spring Data JPA repositories in DEFAULT mode.
10:12:23.702 [restartedMain] INFO  o.s.d.r.c.RepositoryConfigurationDelegate - Finished Spring Data repository scanning in 145 ms. Found 2 JPA repository interfaces.
10:12:25.080 [restartedMain] INFO  o.s.b.w.e.tomcat.TomcatWebServer - Tomcat initialized with port(s): 8080 (http)
10:12:25.097 [restartedMain] INFO  o.a.c.http11.Http11NioProtocol - Initializing ProtocolHandler ["http-nio-8080"]
10:12:25.107 [restartedMain] INFO  o.a.c.core.StandardService - Starting service [Tomcat]
10:12:25.213 [restartedMain] INFO  o.a.catalina.core.StandardEngine - Starting Servlet engine: [Apache Tomcat/10.1.13]
10:12:25.320 [restartedMain] INFO  o.a.c.c.C.[.[localhost].[/] - Initializing Spring embedded WebApplicationContext
10:12:25.323 [restartedMain] INFO  o.s.b.w.s.c.ServletWebServerApplicationContext - Root WebApplicationContext: initialization completed in 3896 ms
10:12:25.750 [restartedMain] INFO  o.h.jpa.internal.util.LogHelper - HHH000204: Processing PersistenceUnitInfo [name: default]
10:12:25.865 [restartedMain] INFO  org.hibernate.Version - HHH000412: Hibernate ORM core version 6.2.9.Final
10:12:25.872 [restartedMain] INFO  org.hibernate.cfg.Environment - HHH000406: Using bytecode reflection optimizer
10:12:26.189 [restartedMain] INFO  o.h.b.i.BytecodeProviderInitiator - HHH000021: Bytecode provider name : bytebuddy
10:12:26.475 [restartedMain] INFO  o.s.o.j.p.SpringPersistenceUnitInfo - No LoadTimeWeaver setup: ignoring JPA class transformer
10:12:26.564 [restartedMain] INFO  c.zaxxer.hikari.HikariDataSource - HikariPool-1 - Starting...
10:12:27.438 [restartedMain] INFO  c.zaxxer.hikari.pool.HikariPool - HikariPool-1 - Added connection com.mysql.cj.jdbc.ConnectionImpl@b84efb4
10:12:27.442 [restartedMain] INFO  c.zaxxer.hikari.HikariDataSource - HikariPool-1 - Start completed.
10:12:28.102 [restartedMain] INFO  o.h.b.i.BytecodeProviderInitiator - HHH000021: Bytecode provider name : bytebuddy
10:12:29.174 [restartedMain] INFO  o.h.e.t.j.p.i.JtaPlatformInitiator - HHH000490: Using JtaPlatform implementation: [org.hibernate.engine.transaction.jta.platform.internal.NoJtaPlatform]
10:12:29.321 [restartedMain] INFO  o.s.o.j.LocalContainerEntityManagerFactoryBean - Initialized JPA EntityManagerFactory for persistence unit 'default'
10:12:29.827 [restartedMain] INFO  o.s.d.j.r.q.QueryEnhancerFactory - Hibernate is in classpath; If applicable, HQL parser will be used.
10:12:30.698 [restartedMain] WARN  o.s.b.a.o.j.JpaBaseConfiguration$JpaWebConfiguration - spring.jpa.open-in-view is enabled by default. Therefore, database queries may be performed during view rendering. Explicitly configure spring.jpa.open-in-view to disable this warning
10:12:31.271 [restartedMain] INFO  o.s.b.d.a.OptionalLiveReloadServer - LiveReload server is running on port 35729
10:12:31.284 [restartedMain] INFO  o.a.c.http11.Http11NioProtocol - Starting ProtocolHandler ["http-nio-8080"]
10:12:31.310 [restartedMain] INFO  o.s.b.w.e.tomcat.TomcatWebServer - Tomcat started on port(s): 8080 (http) with context path ''
10:12:31.324 [restartedMain] INFO  c.t.ticketingsystem.Application - Started Application in 10.685 seconds (process running for 11.947)
10:12:36.890 [http-nio-8080-exec-2] INFO  o.a.c.c.C.[.[localhost].[/] - Initializing Spring DispatcherServlet 'dispatcherServlet'
10:12:36.890 [http-nio-8080-exec-2] INFO  o.s.w.servlet.DispatcherServlet - Initializing Servlet 'dispatcherServlet'
10:12:36.891 [http-nio-8080-exec-2] INFO  o.s.w.servlet.DispatcherServlet - Completed initialization in 1 ms
10:12:36.983 [http-nio-8080-exec-2] WARN  o.s.w.s.m.s.DefaultHandlerExceptionResolver - Resolved [org.springframework.http.converter.HttpMessageNotReadableException: JSON parse error: Cannot construct instance of `com.ticketingsystem.ticketingsystem.entity.User` (although at least one Creator exists): no int/Int-argument constructor/factory method to deserialize from Number value (1)]
10:13:44.184 [http-nio-8080-exec-4] WARN  o.s.w.s.m.s.DefaultHandlerExceptionResolver - Resolved [org.springframework.http.converter.HttpMessageNotReadableException: JSON parse error: Cannot construct instance of `com.ticketingsystem.ticketingsystem.entity.User` (although at least one Creator exists): no int/Int-argument constructor/factory method to deserialize from Number value (4)]
10:30:30.998 [SpringApplicationShutdownHook] INFO  o.s.o.j.LocalContainerEntityManagerFactoryBean - Closing JPA EntityManagerFactory for persistence unit 'default'
10:30:31.002 [SpringApplicationShutdownHook] INFO  c.zaxxer.hikari.HikariDataSource - HikariPool-1 - Shutdown initiated...
10:30:31.014 [SpringApplicationShutdownHook] INFO  c.zaxxer.hikari.HikariDataSource - HikariPool-1 - Shutdown completed.
10:31:23.697 [restartedMain] INFO  c.t.ticketingsystem.Application - Starting Application using Java 21.0.1 with PID 14032 (E:\Workspace\Basics\Java\Ticketing System\target\classes started by hsemmak in E:\Workspace\Basics\Java\Ticketing System)
10:31:23.697 [restartedMain] INFO  c.t.ticketingsystem.Application - No active profile set, falling back to 1 default profile: "default"
10:31:23.767 [restartedMain] INFO  o.s.b.d.e.DevToolsPropertyDefaultsPostProcessor - Devtools property defaults active! Set 'spring.devtools.add-properties' to 'false' to disable
10:31:23.767 [restartedMain] INFO  o.s.b.d.e.DevToolsPropertyDefaultsPostProcessor - For additional web related logging consider setting the 'logging.level.web' property to 'DEBUG'
10:31:24.601 [restartedMain] INFO  o.s.d.r.c.RepositoryConfigurationDelegate - Bootstrapping Spring Data JPA repositories in DEFAULT mode.
10:31:24.664 [restartedMain] INFO  o.s.d.r.c.RepositoryConfigurationDelegate - Finished Spring Data repository scanning in 51 ms. Found 2 JPA repository interfaces.
10:31:25.525 [restartedMain] INFO  o.s.b.w.e.tomcat.TomcatWebServer - Tomcat initialized with port(s): 8080 (http)
10:31:25.536 [restartedMain] INFO  o.a.c.http11.Http11NioProtocol - Initializing ProtocolHandler ["http-nio-8080"]
10:31:25.540 [restartedMain] INFO  o.a.c.core.StandardService - Starting service [Tomcat]
10:31:25.540 [restartedMain] INFO  o.a.catalina.core.StandardEngine - Starting Servlet engine: [Apache Tomcat/10.1.13]
10:31:25.607 [restartedMain] INFO  o.a.c.c.C.[.[localhost].[/] - Initializing Spring embedded WebApplicationContext
10:31:25.608 [restartedMain] INFO  o.s.b.w.s.c.ServletWebServerApplicationContext - Root WebApplicationContext: initialization completed in 1841 ms
10:31:25.875 [restartedMain] INFO  o.h.jpa.internal.util.LogHelper - HHH000204: Processing PersistenceUnitInfo [name: default]
10:31:25.986 [restartedMain] INFO  org.hibernate.Version - HHH000412: Hibernate ORM core version 6.2.9.Final
10:31:25.989 [restartedMain] INFO  org.hibernate.cfg.Environment - HHH000406: Using bytecode reflection optimizer
10:31:26.203 [restartedMain] INFO  o.h.b.i.BytecodeProviderInitiator - HHH000021: Bytecode provider name : bytebuddy
10:31:26.374 [restartedMain] INFO  o.s.o.j.p.SpringPersistenceUnitInfo - No LoadTimeWeaver setup: ignoring JPA class transformer
10:31:26.391 [restartedMain] INFO  c.zaxxer.hikari.HikariDataSource - HikariPool-1 - Starting...
10:31:26.765 [restartedMain] INFO  c.zaxxer.hikari.pool.HikariPool - HikariPool-1 - Added connection com.mysql.cj.jdbc.ConnectionImpl@6c69b269
10:31:26.767 [restartedMain] INFO  c.zaxxer.hikari.HikariDataSource - HikariPool-1 - Start completed.
10:31:27.084 [restartedMain] INFO  o.h.b.i.BytecodeProviderInitiator - HHH000021: Bytecode provider name : bytebuddy
10:31:27.652 [restartedMain] INFO  o.h.e.t.j.p.i.JtaPlatformInitiator - HHH000490: Using JtaPlatform implementation: [org.hibernate.engine.transaction.jta.platform.internal.NoJtaPlatform]
10:31:27.727 [restartedMain] INFO  o.s.o.j.LocalContainerEntityManagerFactoryBean - Initialized JPA EntityManagerFactory for persistence unit 'default'
10:31:28.060 [restartedMain] INFO  o.s.d.j.r.q.QueryEnhancerFactory - Hibernate is in classpath; If applicable, HQL parser will be used.
10:31:28.653 [restartedMain] WARN  o.s.b.a.o.j.JpaBaseConfiguration$JpaWebConfiguration - spring.jpa.open-in-view is enabled by default. Therefore, database queries may be performed during view rendering. Explicitly configure spring.jpa.open-in-view to disable this warning
10:31:28.991 [restartedMain] INFO  o.s.b.d.a.OptionalLiveReloadServer - LiveReload server is running on port 35729
10:31:29.004 [restartedMain] INFO  o.a.c.http11.Http11NioProtocol - Starting ProtocolHandler ["http-nio-8080"]
10:31:29.024 [restartedMain] INFO  o.s.b.w.e.tomcat.TomcatWebServer - Tomcat started on port(s): 8080 (http) with context path ''
10:31:29.035 [restartedMain] INFO  c.t.ticketingsystem.Application - Started Application in 5.807 seconds (process running for 6.839)
10:31:40.146 [http-nio-8080-exec-1] INFO  o.a.c.c.C.[.[localhost].[/] - Initializing Spring DispatcherServlet 'dispatcherServlet'
10:31:40.146 [http-nio-8080-exec-1] INFO  o.s.w.servlet.DispatcherServlet - Initializing Servlet 'dispatcherServlet'
10:31:40.146 [http-nio-8080-exec-1] INFO  o.s.w.servlet.DispatcherServlet - Completed initialization in 0 ms
10:43:08.457 [SpringApplicationShutdownHook] INFO  o.s.o.j.LocalContainerEntityManagerFactoryBean - Closing JPA EntityManagerFactory for persistence unit 'default'
10:43:08.461 [SpringApplicationShutdownHook] INFO  c.zaxxer.hikari.HikariDataSource - HikariPool-1 - Shutdown initiated...
10:43:08.473 [SpringApplicationShutdownHook] INFO  c.zaxxer.hikari.HikariDataSource - HikariPool-1 - Shutdown completed.
